{"meta": {"format": 3, "version": "7.14.0", "timestamp": "2026-06-07T18:46:57.069817", "branch_coverage": true, "show_contexts": false}, "files": {"continuum_sdk\\agent\\__init__.py": {"executed_lines": [17, 21, 30, 31, 38, 44, 45, 52, 53, 60], "summary": {"covered_lines": 10, "num_statements": 10, "percent_covered": 100.0, "percent_covered_display": "100", "missing_lines": 0, "excluded_lines": 0, "percent_statements_covered": 100.0, "percent_statements_covered_display": "100", "num_branches": 0, "num_partial_branches": 0, "covered_branches": 0, "missing_branches": 0, "percent_branches_covered": 100.0, "percent_branches_covered_display": "100"}, "missing_lines": [], "excluded_lines": [], "executed_branches": [], "missing_branches": [], "functions": {"": {"executed_lines": [17, 21, 30, 31, 38, 44, 45, 52, 53, 60], "summary": {"covered_lines": 10, "num_statements": 10, "percent_covered": 100.0, "percent_covered_display": "100", "missing_lines": 0, "excluded_lines": 0, "percent_statements_covered": 100.0, "percent_statements_covered_display": "100", "num_branches": 0, "num_partial_branches": 0, "covered_branches": 0, "missing_branches": 0, "percent_branches_covered": 100.0, "percent_branches_covered_display": "100"}, "missing_lines": [], "excluded_lines": [], "start_line": 1, "executed_branches": [], "missing_branches": []}}, "classes": {"": {"executed_lines": [17, 21, 30, 31, 38, 44, 45, 52, 53, 60], "summary": {"covered_lines": 10, "num_statements": 10, "percent_covered": 100.0, "percent_covered_display": "100", "missing_lines": 0, "excluded_lines": 0, "percent_statements_covered": 100.0, "percent_statements_covered_display": "100", "num_branches": 0, "num_partial_branches": 0, "covered_branches": 0, "missing_branches": 0, "percent_branches_covered": 100.0, "percent_branches_covered_display": "100"}, "missing_lines": [], "excluded_lines": [], "start_line": 1, "executed_branches": [], "missing_branches": []}}}, "continuum_sdk\\agent\\checkpoint.py": {"executed_lines": [96, 97, 98, 99, 100, 101, 102, 103, 105, 108, 109, 111, 112, 128, 129, 132, 133, 134, 135, 136, 138, 139, 151, 165, 177, 187, 191, 234, 269, 289, 311, 329, 353, 354, 358, 371, 391, 402, 414, 425], "summary": {"covered_lines": 40, "num_statements": 135, "percent_covered": 26.143790849673202, "percent_covered_display": "26", "missing_lines": 95, "excluded_lines": 0, "percent_statements_covered": 29.62962962962963, "percent_statements_covered_display": "30", "num_branches": 18, "num_partial_branches": 0, "covered_branches": 0, "missing_branches": 18, "percent_branches_covered": 0.0, "percent_branches_covered_display": "0"}, "missing_lines": [113, 114, 115, 122, 125, 140, 171, 174, 175, 180, 183, 184, 185, 189, 201, 202, 205, 206, 207, 208, 210, 219, 220, 221, 222, 223, 224, 225, 228, 229, 230, 231, 232, 244, 245, 246, 247, 250, 251, 256, 257, 258, 260, 261, 262, 263, 264, 265, 266, 267, 278, 279, 280, 281, 283, 284, 285, 286, 287, 299, 300, 301, 302, 303, 304, 305, 306, 307, 308, 340, 342, 343, 344, 346, 347, 348, 356, 368, 369, 383, 384, 385, 386, 387, 388, 389, 400, 412, 423, 434, 435, 436, 437, 438, 439], "excluded_lines": [], "executed_branches": [], "missing_branches": [[244, 245], [244, 250], [246, 247], [246, 260], [256, 257], [256, 258], [280, 281], [280, 287], [300, 301], [300, 308], [342, 343], [342, 346], [384, 385], [384, 389], [436, 437], [436, 439], [437, 436], [437, 438]], "functions": {"CheckpointMeta.from_dict": {"executed_lines": [], "summary": {"covered_lines": 0, "num_statements": 1, "percent_covered": 0.0, "percent_covered_display": "0", "missing_lines": 1, "excluded_lines": 0, "percent_statements_covered": 0.0, "percent_statements_covered_display": "0", "num_branches": 0, "num_partial_branches": 0, "covered_branches": 0, "missing_branches": 0, "percent_branches_covered": 100.0, "percent_branches_covered_display": "100"}, "missing_lines": [140], "excluded_lines": [], "start_line": 139, "executed_branches": [], "missing_branches": []}, "PythonCheckpointSystem.__init__": {"executed_lines": [], "summary": {"covered_lines": 0, "num_statements": 3, "percent_covered": 0.0, "percent_covered_display": "0", "missing_lines": 3, "excluded_lines": 0, "percent_statements_covered": 0.0, "percent_statements_covered_display": "0", "num_branches": 0, "num_partial_branches": 0, "covered_branches": 0, "missing_branches": 0, "percent_branches_covered": 100.0, "percent_branches_covered_display": "100"}, "missing_lines": [171, 174, 175], "excluded_lines": [], "start_line": 165, "executed_branches": [], "missing_branches": []}, "PythonCheckpointSystem._get_session_dir": {"executed_lines": [], "summary": {"covered_lines": 0, "num_statements": 4, "percent_covered": 0.0, "percent_covered_display": "0", "missing_lines": 4, "excluded_lines": 0, "percent_statements_covered": 0.0, "percent_statements_covered_display": "0", "num_branches": 0, "num_partial_branches": 0, "covered_branches": 0, "missing_branches": 0, "percent_branches_covered": 100.0, "percent_branches_covered_display": "100"}, "missing_lines": [180, 183, 184, 185], "excluded_lines": [], "start_line": 177, "executed_branches": [], "missing_branches": []}, "PythonCheckpointSystem._get_checkpoint_path": {"executed_lines": [], "summary": {"covered_lines": 0, "num_statements": 1, "percent_covered": 0.0, "percent_covered_display": "0", "missing_lines": 1, "excluded_lines": 0, "percent_statements_covered": 0.0, "percent_statements_covered_display": "0", "num_branches": 0, "num_partial_branches": 0, "covered_branches": 0, "missing_branches": 0, "percent_branches_covered": 100.0, "percent_branches_covered_display": "100"}, "missing_lines": [189], "excluded_lines": [], "start_line": 187, "executed_branches": [], "missing_branches": []}, "PythonCheckpointSystem.save": {"executed_lines": [], "summary": {"covered_lines": 0, "num_statements": 19, "percent_covered": 0.0, "percent_covered_display": "0", "missing_lines": 19, "excluded_lines": 0, "percent_statements_covered": 0.0, "percent_statements_covered_display": "0", "num_branches": 0, "num_partial_branches": 0, "covered_branches": 0, "missing_branches": 0, "percent_branches_covered": 100.0, "percent_branches_covered_display": "100"}, "missing_lines": [201, 202, 205, 206, 207, 208, 210, 219, 220, 221, 222, 223, 224, 225, 228, 229, 230, 231, 232], "excluded_lines": [], "start_line": 191, "executed_branches": [], "missing_branches": []}, "PythonCheckpointSystem.load": {"executed_lines": [], "summary": {"covered_lines": 0, "num_statements": 17, "percent_covered": 0.0, "percent_covered_display": "0", "missing_lines": 17, "excluded_lines": 0, "percent_statements_covered": 0.0, "percent_statements_covered_display": "0", "num_branches": 6, "num_partial_branches": 0, "covered_branches": 0, "missing_branches": 6, "percent_branches_covered": 0.0, "percent_branches_covered_display": "0"}, "missing_lines": [244, 245, 246, 247, 250, 251, 256, 257, 258, 260, 261, 262, 263, 264, 265, 266, 267], "excluded_lines": [], "start_line": 234, "executed_branches": [], "missing_branches": [[244, 245], [244, 250], [246, 247], [246, 260], [256, 257], [256, 258]]}, "PythonCheckpointSystem.list": {"executed_lines": [], "summary": {"covered_lines": 0, "num_statements": 9, "percent_covered": 0.0, "percent_covered_display": "0", "missing_lines": 9, "excluded_lines": 0, "percent_statements_covered": 0.0, "percent_statements_covered_display": "0", "num_branches": 2, "num_partial_branches": 0, "covered_branches": 0, "missing_branches": 2, "percent_branches_covered": 0.0, "percent_branches_covered_display": "0"}, "missing_lines": [278, 279, 280, 281, 283, 284, 285, 286, 287], "excluded_lines": [], "start_line": 269, "executed_branches": [], "missing_branches": [[280, 281], [280, 287]]}, "PythonCheckpointSystem.delete": {"executed_lines": [], "summary": {"covered_lines": 0, "num_statements": 10, "percent_covered": 0.0, "percent_covered_display": "0", "missing_lines": 10, "excluded_lines": 0, "percent_statements_covered": 0.0, "percent_statements_covered_display": "0", "num_branches": 2, "num_partial_branches": 0, "covered_branches": 0, "missing_branches": 2, "percent_branches_covered": 0.0, "percent_branches_covered_display": "0"}, "missing_lines": [299, 300, 301, 302, 303, 304, 305, 306, 307, 308], "excluded_lines": [], "start_line": 289, "executed_branches": [], "missing_branches": [[300, 301], [300, 308]]}, "CheckpointClient.__init__": {"executed_lines": [], "summary": {"covered_lines": 0, "num_statements": 7, "percent_covered": 0.0, "percent_covered_display": "0", "missing_lines": 7, "excluded_lines": 0, "percent_statements_covered": 0.0, "percent_statements_covered_display": "0", "num_branches": 2, "num_partial_branches": 0, "covered_branches": 0, "missing_branches": 2, "percent_branches_covered": 0.0, "percent_branches_covered_display": "0"}, "missing_lines": [340, 342, 343, 344, 346, 347, 348], "excluded_lines": [], "start_line": 329, "executed_branches": [], "missing_branches": [[342, 343], [342, 346]]}, "CheckpointClient.is_fallback": {"executed_lines": [], "summary": {"covered_lines": 0, "num_statements": 1, "percent_covered": 0.0, "percent_covered_display": "0", "missing_lines": 1, "excluded_lines": 0, "percent_statements_covered": 0.0, "percent_statements_covered_display": "0", "num_branches": 0, "num_partial_branches": 0, "covered_branches": 0, "missing_branches": 0, "percent_branches_covered": 100.0, "percent_branches_covered_display": "100"}, "missing_lines": [356], "excluded_lines": [], "start_line": 354, "executed_branches": [], "missing_branches": []}, "CheckpointClient.save": {"executed_lines": [], "summary": {"covered_lines": 0, "num_statements": 2, "percent_covered": 0.0, "percent_covered_display": "0", "missing_lines": 2, "excluded_lines": 0, "percent_statements_covered": 0.0, "percent_statements_covered_display": "0", "num_branches": 0, "num_partial_branches": 0, "covered_branches": 0, "missing_branches": 0, "percent_branches_covered": 100.0, "percent_branches_covered_display": "100"}, "missing_lines": [368, 369], "excluded_lines": [], "start_line": 358, "executed_branches": [], "missing_branches": []}, "CheckpointClient.load": {"executed_lines": [], "summary": {"covered_lines": 0, "num_statements": 7, "percent_covered": 0.0, "percent_covered_display": "0", "missing_lines": 7, "excluded_lines": 0, "percent_statements_covered": 0.0, "percent_statements_covered_display": "0", "num_branches": 2, "num_partial_branches": 0, "covered_branches": 0, "missing_branches": 2, "percent_branches_covered": 0.0, "percent_branches_covered_display": "0"}, "missing_lines": [383, 384, 385, 386, 387, 388, 389], "excluded_lines": [], "start_line": 371, "executed_branches": [], "missing_branches": [[384, 385], [384, 389]]}, "CheckpointClient.list": {"executed_lines": [], "summary": {"covered_lines": 0, "num_statements": 1, "percent_covered": 0.0, "percent_covered_display": "0", "missing_lines": 1, "excluded_lines": 0, "percent_statements_covered": 0.0, "percent_statements_covered_display": "0", "num_branches": 0, "num_partial_branches": 0, "covered_branches": 0, "missing_branches": 0, "percent_branches_covered": 100.0, "percent_branches_covered_display": "100"}, "missing_lines": [400], "excluded_lines": [], "start_line": 391, "executed_branches": [], "missing_branches": []}, "CheckpointClient.delete": {"executed_lines": [], "summary": {"covered_lines": 0, "num_statements": 1, "percent_covered": 0.0, "percent_covered_display": "0", "missing_lines": 1, "excluded_lines": 0, "percent_statements_covered": 0.0, "percent_statements_covered_display": "0", "num_branches": 0, "num_partial_branches": 0, "covered_branches": 0, "missing_branches": 0, "percent_branches_covered": 100.0, "percent_branches_covered_display": "100"}, "missing_lines": [412], "excluded_lines": [], "start_line": 402, "executed_branches": [], "missing_branches": []}, "CheckpointClient.has_checkpoints": {"executed_lines": [], "summary": {"covered_lines": 0, "num_statements": 1, "percent_covered": 0.0, "percent_covered_display": "0", "missing_lines": 1, "excluded_lines": 0, "percent_statements_covered": 0.0, "percent_statements_covered_display": "0", "num_branches": 0, "num_partial_branches": 0, "covered_branches": 0, "missing_branches": 0, "percent_branches_covered": 100.0, "percent_branches_covered_display": "100"}, "missing_lines": [423], "excluded_lines": [], "start_line": 414, "executed_branches": [], "missing_branches": []}, "CheckpointClient.clear_session": {"executed_lines": [], "summary": {"covered_lines": 0, "num_statements": 6, "percent_covered": 0.0, "percent_covered_display": "0", "missing_lines": 6, "excluded_lines": 0, "percent_statements_covered": 0.0, "percent_statements_covered_display": "0", "num_branches": 4, "num_partial_branches": 0, "covered_branches": 0, "missing_branches": 4, "percent_branches_covered": 0.0, "percent_branches_covered_display": "0"}, "missing_lines": [434, 435, 436, 437, 438, 439], "excluded_lines": [], "start_line": 425, "executed_branches": [], "missing_branches": [[436, 437], [436, 439], [437, 436], [437, 438]]}, "": {"executed_lines": [96, 97, 98, 99, 100, 101, 102, 103, 105, 108, 109, 111, 112, 128, 129, 132, 133, 134, 135, 136, 138, 139, 151, 165, 177, 187, 191, 234, 269, 289, 311, 329, 353, 354, 358, 371, 391, 402, 414, 425], "summary": {"covered_lines": 40, "num_statements": 45, "percent_covered": 88.88888888888889, "percent_covered_display": "89", "missing_lines": 5, "excluded_lines": 0, "percent_statements_covered": 88.88888888888889, "percent_statements_covered_display": "89", "num_branches": 0, "num_partial_branches": 0, "covered_branches": 0, "missing_branches": 0, "percent_branches_covered": 100.0, "percent_branches_covered_display": "100"}, "missing_lines": [113, 114, 115, 122, 125], "excluded_lines": [], "start_line": 1, "executed_branches": [], "missing_branches": []}}, "classes": {"CheckpointMeta": {"executed_lines": [], "summary": {"covered_lines": 0, "num_statements": 1, "percent_covered": 0.0, "percent_covered_display": "0", "missing_lines": 1, "excluded_lines": 0, "percent_statements_covered": 0.0, "percent_statements_covered_display": "0", "num_branches": 0, "num_partial_branches": 0, "covered_branches": 0, "missing_branches": 0, "percent_branches_covered": 100.0, "percent_branches_covered_display": "100"}, "missing_lines": [140], "excluded_lines": [], "start_line": 129, "executed_branches": [], "missing_branches": []}, "PythonCheckpointSystem": {"executed_lines": [], "summary": {"covered_lines": 0, "num_statements": 63, "percent_covered": 0.0, "percent_covered_display": "0", "missing_lines": 63, "excluded_lines": 0, "percent_statements_covered": 0.0, "percent_statements_covered_display": "0", "num_branches": 10, "num_partial_branches": 0, "covered_branches": 0, "missing_branches": 10, "percent_branches_covered": 0.0, "percent_branches_covered_display": "0"}, "missing_lines": [171, 174, 175, 180, 183, 184, 185, 189, 201, 202, 205, 206, 207, 208, 210, 219, 220, 221, 222, 223, 224, 225, 228, 229, 230, 231, 232, 244, 245, 246, 247, 250, 251, 256, 257, 258, 260, 261, 262, 263, 264, 265, 266, 267, 278, 279, 280, 281, 283, 284, 285, 286, 287, 299, 300, 301, 302, 303, 304, 305, 306, 307, 308], "excluded_lines": [], "start_line": 151, "executed_branches": [], "missing_branches": [[244, 245], [244, 250], [246, 247], [246, 260], [256, 257], [256, 258], [280, 281], [280, 287], [300, 301], [300, 308]]}, "CheckpointClient": {"executed_lines": [], "summary": {"covered_lines": 0, "num_statements": 26, "percent_covered": 0.0, "percent_covered_display": "0", "missing_lines": 26, "excluded_lines": 0, "percent_statements_covered": 0.0, "percent_statements_covered_display": "0", "num_branches": 8, "num_partial_branches": 0, "covered_branches": 0, "missing_branches": 8, "percent_branches_covered": 0.0, "percent_branches_covered_display": "0"}, "missing_lines": [340, 342, 343, 344, 346, 347, 348, 356, 368, 369, 383, 384, 385, 386, 387, 388, 389, 400, 412, 423, 434, 435, 436, 437, 438, 439], "excluded_lines": [], "start_line": 311, "executed_branches": [], "missing_branches": [[342, 343], [342, 346], [384, 385], [384, 389], [436, 437], [436, 439], [437, 436], [437, 438]]}, "": {"executed_lines": [96, 97, 98, 99, 100, 101, 102, 103, 105, 108, 109, 111, 112, 128, 129, 132, 133, 134, 135, 136, 138, 139, 151, 165, 177, 187, 191, 234, 269, 289, 311, 329, 353, 354, 358, 371, 391, 402, 414, 425], "summary": {"covered_lines": 40, "num_statements": 45, "percent_covered": 88.88888888888889, "percent_covered_display": "89", "missing_lines": 5, "excluded_lines": 0, "percent_statements_covered": 88.88888888888889, "percent_statements_covered_display": "89", "num_branches": 0, "num_partial_branches": 0, "covered_branches": 0, "missing_branches": 0, "percent_branches_covered": 100.0, "percent_branches_covered_display": "100"}, "missing_lines": [113, 114, 115, 122, 125], "excluded_lines": [], "start_line": 1, "executed_branches": [], "missing_branches": []}}}, "continuum_sdk\\agent\\history.py": {"executed_lines": [62, 63, 64, 65, 66, 67, 68, 70, 73, 74, 77, 78, 79, 80, 81, 82, 83, 84, 87, 88, 91, 92, 93, 94, 95, 96, 97, 98, 99, 100, 103, 104, 107, 108, 109, 110, 111, 114, 117, 118, 121, 136, 146, 150, 156, 171, 184, 210, 223, 236, 262, 302, 338, 380, 397, 434, 449, 471, 497, 531, 551, 564], "summary": {"covered_lines": 62, "num_statements": 191, "percent_covered": 26.778242677824267, "percent_covered_display": "27", "missing_lines": 129, "excluded_lines": 0, "percent_statements_covered": 32.460732984293195, "percent_statements_covered_display": "32", "num_branches": 48, "num_partial_branches": 0, "covered_branches": 2, "missing_branches": 46, "percent_branches_covered": 4.166666666666667, "percent_branches_covered_display": "4"}, "missing_lines": [143, 144, 148, 152, 153, 154, 166, 167, 168, 169, 181, 182, 201, 202, 206, 207, 208, 220, 221, 233, 234, 251, 252, 254, 255, 257, 258, 260, 279, 280, 282, 284, 285, 287, 288, 289, 297, 298, 300, 317, 318, 320, 322, 323, 324, 325, 333, 334, 336, 348, 351, 352, 355, 356, 357, 358, 361, 362, 363, 364, 366, 367, 373, 374, 375, 376, 378, 393, 394, 395, 404, 406, 407, 409, 410, 413, 414, 415, 416, 419, 420, 423, 424, 425, 428, 429, 430, 432, 444, 445, 446, 447, 466, 467, 468, 469, 478, 479, 480, 482, 494, 495, 504, 505, 506, 508, 518, 519, 520, 521, 522, 523, 524, 525, 526, 528, 529, 538, 539, 540, 542, 543, 544, 545, 547, 548, 561, 574, 575], "excluded_lines": [], "executed_branches": [], "missing_branches": [[152, 153], [152, 154], [167, 168], [167, 169], [206, 207], [206, 208], [251, 252], [251, 254], [257, 258], [257, 260], [284, 285], [284, 297], [288, 284], [288, 289], [297, 298], [297, 300], [322, 323], [322, 333], [324, 322], [324, 325], [333, 334], [333, 336], [351, 352], [351, 355], [355, 356], [355, 357], [357, 358], [357, 361], [361, 362], [361, 373], [362, 363], [362, 366], [373, 374], [373, 375], [375, 376], [375, 378], [394, -380], [394, 395], [409, 410], [409, 413], [445, 446], [445, 447], [518, 519], [518, 528], [543, 544], [543, 547]], "functions": {"HistoryBrowser.__init__": {"executed_lines": [], "summary": {"covered_lines": 0, "num_statements": 2, "percent_covered": 0.0, "percent_covered_display": "0", "missing_lines": 2, "excluded_lines": 0, "percent_statements_covered": 0.0, "percent_statements_covered_display": "0", "num_branches": 0, "num_partial_branches": 0, "covered_branches": 0, "missing_branches": 0, "percent_branches_covered": 100.0, "percent_branches_covered_display": "100"}, "missing_lines": [143, 144], "excluded_lines": [], "start_line": 136, "executed_branches": [], "missing_branches": []}, "HistoryBrowser.refresh": {"executed_lines": [], "summary": {"covered_lines": 0, "num_statements": 1, "percent_covered": 0.0, "percent_covered_display": "0", "missing_lines": 1, "excluded_lines": 0, "percent_statements_covered": 0.0, "percent_statements_covered_display": "0", "num_branches": 0, "num_partial_branches": 0, "covered_branches": 0, "missing_branches": 0, "percent_branches_covered": 100.0, "percent_branches_covered_display": "100"}, "missing_lines": [148], "excluded_lines": [], "start_line": 146, "executed_branches": [], "missing_branches": []}, "HistoryBrowser._ensure_messages": {"executed_lines": [], "summary": {"covered_lines": 0, "num_statements": 3, "percent_covered": 0.0, "percent_covered_display": "0", "missing_lines": 3, "excluded_lines": 0, "percent_statements_covered": 0.0, "percent_statements_covered_display": "0", "num_branches": 2, "num_partial_branches": 0, "covered_branches": 0, "missing_branches": 2, "percent_branches_covered": 0.0, "percent_branches_covered_display": "0"}, "missing_lines": [152, 153, 154], "excluded_lines": [], "start_line": 150, "executed_branches": [], "missing_branches": [[152, 153], [152, 154]]}, "HistoryBrowser.get_all": {"executed_lines": [], "summary": {"covered_lines": 0, "num_statements": 4, "percent_covered": 0.0, "percent_covered_display": "0", "missing_lines": 4, "excluded_lines": 0, "percent_statements_covered": 0.0, "percent_statements_covered_display": "0", "num_branches": 2, "num_partial_branches": 0, "covered_branches": 0, "missing_branches": 2, "percent_branches_covered": 0.0, "percent_branches_covered_display": "0"}, "missing_lines": [166, 167, 168, 169], "excluded_lines": [], "start_line": 156, "executed_branches": [], "missing_branches": [[167, 168], [167, 169]]}, "HistoryBrowser.get_recent": {"executed_lines": [], "summary": {"covered_lines": 0, "num_statements": 2, "percent_covered": 0.0, "percent_covered_display": "0", "missing_lines": 2, "excluded_lines": 0, "percent_statements_covered": 0.0, "percent_statements_covered_display": "0", "num_branches": 0, "num_partial_branches": 0, "covered_branches": 0, "missing_branches": 0, "percent_branches_covered": 100.0, "percent_branches_covered_display": "100"}, "missing_lines": [181, 182], "excluded_lines": [], "start_line": 171, "executed_branches": [], "missing_branches": []}, "HistoryBrowser.get_range": {"executed_lines": [], "summary": {"covered_lines": 0, "num_statements": 5, "percent_covered": 0.0, "percent_covered_display": "0", "missing_lines": 5, "excluded_lines": 0, "percent_statements_covered": 0.0, "percent_statements_covered_display": "0", "num_branches": 2, "num_partial_branches": 0, "covered_branches": 0, "missing_branches": 2, "percent_branches_covered": 0.0, "percent_branches_covered_display": "0"}, "missing_lines": [201, 202, 206, 207, 208], "excluded_lines": [], "start_line": 184, "executed_branches": [], "missing_branches": [[206, 207], [206, 208]]}, "HistoryBrowser.get_last_hours": {"executed_lines": [], "summary": {"covered_lines": 0, "num_statements": 2, "percent_covered": 0.0, "percent_covered_display": "0", "missing_lines": 2, "excluded_lines": 0, "percent_statements_covered": 0.0, "percent_statements_covered_display": "0", "num_branches": 0, "num_partial_branches": 0, "covered_branches": 0, "missing_branches": 0, "percent_branches_covered": 100.0, "percent_branches_covered_display": "100"}, "missing_lines": [220, 221], "excluded_lines": [], "start_line": 210, "executed_branches": [], "missing_branches": []}, "HistoryBrowser.get_last_days": {"executed_lines": [], "summary": {"covered_lines": 0, "num_statements": 2, "percent_covered": 0.0, "percent_covered_display": "0", "missing_lines": 2, "excluded_lines": 0, "percent_statements_covered": 0.0, "percent_statements_covered_display": "0", "num_branches": 0, "num_partial_branches": 0, "covered_branches": 0, "missing_branches": 0, "percent_branches_covered": 100.0, "percent_branches_covered_display": "100"}, "missing_lines": [233, 234], "excluded_lines": [], "start_line": 223, "executed_branches": [], "missing_branches": []}, "HistoryBrowser.filter_by_role": {"executed_lines": [], "summary": {"covered_lines": 0, "num_statements": 7, "percent_covered": 0.0, "percent_covered_display": "0", "missing_lines": 7, "excluded_lines": 0, "percent_statements_covered": 0.0, "percent_statements_covered_display": "0", "num_branches": 4, "num_partial_branches": 0, "covered_branches": 0, "missing_branches": 4, "percent_branches_covered": 0.0, "percent_branches_covered_display": "0"}, "missing_lines": [251, 252, 254, 255, 257, 258, 260], "excluded_lines": [], "start_line": 236, "executed_branches": [], "missing_branches": [[251, 252], [251, 254], [257, 258], [257, 260]]}, "HistoryBrowser.search": {"executed_lines": [], "summary": {"covered_lines": 0, "num_statements": 11, "percent_covered": 0.0, "percent_covered_display": "0", "missing_lines": 11, "excluded_lines": 0, "percent_statements_covered": 0.0, "percent_statements_covered_display": "0", "num_branches": 6, "num_partial_branches": 0, "covered_branches": 0, "missing_branches": 6, "percent_branches_covered": 0.0, "percent_branches_covered_display": "0"}, "missing_lines": [279, 280, 282, 284, 285, 287, 288, 289, 297, 298, 300], "excluded_lines": [], "start_line": 262, "executed_branches": [], "missing_branches": [[284, 285], [284, 297], [288, 284], [288, 289], [297, 298], [297, 300]]}, "HistoryBrowser.search_regex": {"executed_lines": [], "summary": {"covered_lines": 0, "num_statements": 10, "percent_covered": 0.0, "percent_covered_display": "0", "missing_lines": 10, "excluded_lines": 0, "percent_statements_covered": 0.0, "percent_statements_covered_display": "0", "num_branches": 6, "num_partial_branches": 0, "covered_branches": 0, "missing_branches": 6, "percent_branches_covered": 0.0, "percent_branches_covered_display": "0"}, "missing_lines": [317, 318, 320, 322, 323, 324, 325, 333, 334, 336], "excluded_lines": [], "start_line": 302, "executed_branches": [], "missing_branches": [[322, 323], [322, 333], [324, 322], [324, 325], [333, 334], [333, 336]]}, "HistoryBrowser.apply_filter": {"executed_lines": [], "summary": {"covered_lines": 0, "num_statements": 18, "percent_covered": 0.0, "percent_covered_display": "0", "missing_lines": 18, "excluded_lines": 0, "percent_statements_covered": 0.0, "percent_statements_covered_display": "0", "num_branches": 14, "num_partial_branches": 0, "covered_branches": 0, "missing_branches": 14, "percent_branches_covered": 0.0, "percent_branches_covered_display": "0"}, "missing_lines": [348, 351, 352, 355, 356, 357, 358, 361, 362, 363, 364, 366, 367, 373, 374, 375, 376, 378], "excluded_lines": [], "start_line": 338, "executed_branches": [], "missing_branches": [[351, 352], [351, 355], [355, 356], [355, 357], [357, 358], [357, 361], [361, 362], [361, 373], [362, 363], [362, 366], [373, 374], [373, 375], [375, 376], [375, 378]]}, "HistoryBrowser.iterate": {"executed_lines": [], "summary": {"covered_lines": 0, "num_statements": 3, "percent_covered": 0.0, "percent_covered_display": "0", "missing_lines": 3, "excluded_lines": 0, "percent_statements_covered": 0.0, "percent_statements_covered_display": "0", "num_branches": 2, "num_partial_branches": 0, "covered_branches": 0, "missing_branches": 2, "percent_branches_covered": 0.0, "percent_branches_covered_display": "0"}, "missing_lines": [393, 394, 395], "excluded_lines": [], "start_line": 380, "executed_branches": [], "missing_branches": [[394, -380], [394, 395]]}, "HistoryBrowser.get_statistics": {"executed_lines": [], "summary": {"covered_lines": 0, "num_statements": 18, "percent_covered": 9.090909090909092, "percent_covered_display": "9", "missing_lines": 18, "excluded_lines": 0, "percent_statements_covered": 0.0, "percent_statements_covered_display": "0", "num_branches": 4, "num_partial_branches": 0, "covered_branches": 2, "missing_branches": 2, "percent_branches_covered": 50.0, "percent_branches_covered_display": "50"}, "missing_lines": [404, 406, 407, 409, 410, 413, 414, 415, 416, 419, 420, 423, 424, 425, 428, 429, 430, 432], "excluded_lines": [], "start_line": 397, "executed_branches": [], "missing_branches": [[409, 410], [409, 413]]}, "HistoryBrowser.get_message_at": {"executed_lines": [], "summary": {"covered_lines": 0, "num_statements": 4, "percent_covered": 0.0, "percent_covered_display": "0", "missing_lines": 4, "excluded_lines": 0, "percent_statements_covered": 0.0, "percent_statements_covered_display": "0", "num_branches": 2, "num_partial_branches": 0, "covered_branches": 0, "missing_branches": 2, "percent_branches_covered": 0.0, "percent_branches_covered_display": "0"}, "missing_lines": [444, 445, 446, 447], "excluded_lines": [], "start_line": 434, "executed_branches": [], "missing_branches": [[445, 446], [445, 447]]}, "HistoryBrowser.get_context_around": {"executed_lines": [], "summary": {"covered_lines": 0, "num_statements": 4, "percent_covered": 0.0, "percent_covered_display": "0", "missing_lines": 4, "excluded_lines": 0, "percent_statements_covered": 0.0, "percent_statements_covered_display": "0", "num_branches": 0, "num_partial_branches": 0, "covered_branches": 0, "missing_branches": 0, "percent_branches_covered": 100.0, "percent_branches_covered_display": "100"}, "missing_lines": [466, 467, 468, 469], "excluded_lines": [], "start_line": 449, "executed_branches": [], "missing_branches": []}, "HistoryBrowser.export_json": {"executed_lines": [], "summary": {"covered_lines": 0, "num_statements": 6, "percent_covered": 0.0, "percent_covered_display": "0", "missing_lines": 6, "excluded_lines": 0, "percent_statements_covered": 0.0, "percent_statements_covered_display": "0", "num_branches": 0, "num_partial_branches": 0, "covered_branches": 0, "missing_branches": 0, "percent_branches_covered": 100.0, "percent_branches_covered_display": "100"}, "missing_lines": [478, 479, 480, 482, 494, 495], "excluded_lines": [], "start_line": 471, "executed_branches": [], "missing_branches": []}, "HistoryBrowser.export_markdown": {"executed_lines": [], "summary": {"covered_lines": 0, "num_statements": 15, "percent_covered": 0.0, "percent_covered_display": "0", "missing_lines": 15, "excluded_lines": 0, "percent_statements_covered": 0.0, "percent_statements_covered_display": "0", "num_branches": 2, "num_partial_branches": 0, "covered_branches": 0, "missing_branches": 2, "percent_branches_covered": 0.0, "percent_branches_covered_display": "0"}, "missing_lines": [504, 505, 506, 508, 518, 519, 520, 521, 522, 523, 524, 525, 526, 528, 529], "excluded_lines": [], "start_line": 497, "executed_branches": [], "missing_branches": [[518, 519], [518, 528]]}, "HistoryBrowser.export_text": {"executed_lines": [], "summary": {"covered_lines": 0, "num_statements": 9, "percent_covered": 0.0, "percent_covered_display": "0", "missing_lines": 9, "excluded_lines": 0, "percent_statements_covered": 0.0, "percent_statements_covered_display": "0", "num_branches": 2, "num_partial_branches": 0, "covered_branches": 0, "missing_branches": 2, "percent_branches_covered": 0.0, "percent_branches_covered_display": "0"}, "missing_lines": [538, 539, 540, 542, 543, 544, 545, 547, 548], "excluded_lines": [], "start_line": 531, "executed_branches": [], "missing_branches": [[543, 544], [543, 547]]}, "browse_session": {"executed_lines": [], "summary": {"covered_lines": 0, "num_statements": 1, "percent_covered": 0.0, "percent_covered_display": "0", "missing_lines": 1, "excluded_lines": 0, "percent_statements_covered": 0.0, "percent_statements_covered_display": "0", "num_branches": 0, "num_partial_branches": 0, "covered_branches": 0, "missing_branches": 0, "percent_branches_covered": 100.0, "percent_branches_covered_display": "100"}, "missing_lines": [561], "excluded_lines": [], "start_line": 551, "executed_branches": [], "missing_branches": []}, "browse_session_file": {"executed_lines": [], "summary": {"covered_lines": 0, "num_statements": 2, "percent_covered": 0.0, "percent_covered_display": "0", "missing_lines": 2, "excluded_lines": 0, "percent_statements_covered": 0.0, "percent_statements_covered_display": "0", "num_branches": 0, "num_partial_branches": 0, "covered_branches": 0, "missing_branches": 0, "percent_branches_covered": 100.0, "percent_branches_covered_display": "100"}, "missing_lines": [574, 575], "excluded_lines": [], "start_line": 564, "executed_branches": [], "missing_branches": []}, "": {"executed_lines": [62, 63, 64, 65, 66, 67, 68, 70, 73, 74, 77, 78, 79, 80, 81, 82, 83, 84, 87, 88, 91, 92, 93, 94, 95, 96, 97, 98, 99, 100, 103, 104, 107, 108, 109, 110, 111, 114, 117, 118, 121, 136, 146, 150, 156, 171, 184, 210, 223, 236, 262, 302, 338, 380, 397, 434, 449, 471, 497, 531, 551, 564], "summary": {"covered_lines": 62, "num_statements": 62, "percent_covered": 100.0, "percent_covered_display": "100", "missing_lines": 0, "excluded_lines": 0, "percent_statements_covered": 100.0, "percent_statements_covered_display": "100", "num_branches": 0, "num_partial_branches": 0, "covered_branches": 0, "missing_branches": 0, "percent_branches_covered": 100.0, "percent_branches_covered_display": "100"}, "missing_lines": [], "excluded_lines": [], "start_line": 1, "executed_branches": [], "missing_branches": []}}, "classes": {"HistoryFilter": {"executed_lines": [], "summary": {"covered_lines": 0, "num_statements": 0, "percent_covered": 100.0, "percent_covered_display": "100", "missing_lines": 0, "excluded_lines": 0, "percent_statements_covered": 100.0, "percent_statements_covered_display": "100", "num_branches": 0, "num_partial_branches": 0, "covered_branches": 0, "missing_branches": 0, "percent_branches_covered": 100.0, "percent_branches_covered_display": "100"}, "missing_lines": [], "excluded_lines": [], "start_line": 74, "executed_branches": [], "missing_branches": []}, "HistoryStatistics": {"executed_lines": [], "summary": {"covered_lines": 0, "num_statements": 0, "percent_covered": 100.0, "percent_covered_display": "100", "missing_lines": 0, "excluded_lines": 0, "percent_statements_covered": 100.0, "percent_statements_covered_display": "100", "num_branches": 0, "num_partial_branches": 0, "covered_branches": 0, "missing_branches": 0, "percent_branches_covered": 100.0, "percent_branches_covered_display": "100"}, "missing_lines": [], "excluded_lines": [], "start_line": 88, "executed_branches": [], "missing_branches": []}, "SearchResult": {"executed_lines": [], "summary": {"covered_lines": 0, "num_statements": 0, "percent_covered": 100.0, "percent_covered_display": "100", "missing_lines": 0, "excluded_lines": 0, "percent_statements_covered": 100.0, "percent_statements_covered_display": "100", "num_branches": 0, "num_partial_branches": 0, "covered_branches": 0, "missing_branches": 0, "percent_branches_covered": 100.0, "percent_branches_covered_display": "100"}, "missing_lines": [], "excluded_lines": [], "start_line": 104, "executed_branches": [], "missing_branches": []}, "SortOrder": {"executed_lines": [], "summary": {"covered_lines": 0, "num_statements": 0, "percent_covered": 100.0, "percent_covered_display": "100", "missing_lines": 0, "excluded_lines": 0, "percent_statements_covered": 100.0, "percent_statements_covered_display": "100", "num_branches": 0, "num_partial_branches": 0, "covered_branches": 0, "missing_branches": 0, "percent_branches_covered": 100.0, "percent_branches_covered_display": "100"}, "missing_lines": [], "excluded_lines": [], "start_line": 114, "executed_branches": [], "missing_branches": []}, "HistoryBrowser": {"executed_lines": [], "summary": {"covered_lines": 0, "num_statements": 126, "percent_covered": 1.1494252873563218, "percent_covered_display": "1", "missing_lines": 126, "excluded_lines": 0, "percent_statements_covered": 0.0, "percent_statements_covered_display": "0", "num_branches": 48, "num_partial_branches": 0, "covered_branches": 2, "missing_branches": 46, "percent_branches_covered": 4.166666666666667, "percent_branches_covered_display": "4"}, "missing_lines": [143, 144, 148, 152, 153, 154, 166, 167, 168, 169, 181, 182, 201, 202, 206, 207, 208, 220, 221, 233, 234, 251, 252, 254, 255, 257, 258, 260, 279, 280, 282, 284, 285, 287, 288, 289, 297, 298, 300, 317, 318, 320, 322, 323, 324, 325, 333, 334, 336, 348, 351, 352, 355, 356, 357, 358, 361, 362, 363, 364, 366, 367, 373, 374, 375, 376, 378, 393, 394, 395, 404, 406, 407, 409, 410, 413, 414, 415, 416, 419, 420, 423, 424, 425, 428, 429, 430, 432, 444, 445, 446, 447, 466, 467, 468, 469, 478, 479, 480, 482, 494, 495, 504, 505, 506, 508, 518, 519, 520, 521, 522, 523, 524, 525, 526, 528, 529, 538, 539, 540, 542, 543, 544, 545, 547, 548], "excluded_lines": [], "start_line": 121, "executed_branches": [], "missing_branches": [[152, 153], [152, 154], [167, 168], [167, 169], [206, 207], [206, 208], [251, 252], [251, 254], [257, 258], [257, 260], [284, 285], [284, 297], [288, 284], [288, 289], [297, 298], [297, 300], [322, 323], [322, 333], [324, 322], [324, 325], [333, 334], [333, 336], [351, 352], [351, 355], [355, 356], [355, 357], [357, 358], [357, 361], [361, 362], [361, 373], [362, 363], [362, 366], [373, 374], [373, 375], [375, 376], [375, 378], [394, -380], [394, 395], [409, 410], [409, 413], [445, 446], [445, 447], [518, 519], [518, 528], [543, 544], [543, 547]]}, "": {"executed_lines": [62, 63, 64, 65, 66, 67, 68, 70, 73, 74, 77, 78, 79, 80, 81, 82, 83, 84, 87, 88, 91, 92, 93, 94, 95, 96, 97, 98, 99, 100, 103, 104, 107, 108, 109, 110, 111, 114, 117, 118, 121, 136, 146, 150, 156, 171, 184, 210, 223, 236, 262, 302, 338, 380, 397, 434, 449, 471, 497, 531, 551, 564], "summary": {"covered_lines": 62, "num_statements": 65, "percent_covered": 95.38461538461539, "percent_covered_display": "95", "missing_lines": 3, "excluded_lines": 0, "percent_statements_covered": 95.38461538461539, "percent_statements_covered_display": "95", "num_branches": 0, "num_partial_branches": 0, "covered_branches": 0, "missing_branches": 0, "percent_branches_covered": 100.0, "percent_branches_covered_display": "100"}, "missing_lines": [561, 574, 575], "excluded_lines": [], "start_line": 1, "executed_branches": [], "missing_branches": []}}}, "continuum_sdk\\agent\\intelligent.py": {"executed_lines": [77, 79, 80, 81, 82, 83, 84, 85, 87, 89, 90, 91, 92, 95, 98, 99, 100, 103, 104, 107, 108, 109, 110, 111, 112, 113, 114, 115, 116, 118, 119, 132, 150, 176, 177, 178, 179, 180, 181, 182, 185, 186, 187, 188, 189, 190, 191, 192, 195, 197, 198, 201, 202, 203, 204, 205, 208, 209, 212, 213, 215, 217, 218, 219, 221, 227, 228, 232, 240, 242, 254, 255, 258, 259, 261, 263, 285, 286, 287, 288, 290, 291, 293, 294, 297, 298, 301, 302, 305, 307, 309, 310, 311, 314, 317, 318, 321, 322, 325, 328, 329, 330, 331, 332, 333, 334, 335, 338, 340, 343, 344, 346, 347, 349, 350, 351, 352, 354, 355, 356, 357, 358, 360, 362, 365, 372, 377, 380, 381, 382, 383, 384, 387, 389, 390, 394, 395, 396, 397, 400, 401, 403, 404, 405, 406, 408, 410, 411, 412, 413, 414, 415, 420, 421, 422, 424, 425, 426, 427, 428, 431, 432, 435, 436, 443, 444, 446, 447, 449, 460, 472, 475, 476, 477, 478, 480, 481, 482, 483, 484, 486, 488, 490, 492, 493, 494, 496, 497, 499, 500, 504, 506, 508, 510, 512, 521, 523, 529, 531, 534, 536, 540, 542, 548, 550, 552, 554, 558, 560, 566, 568, 570, 572, 574, 575, 577, 580, 582, 583, 584, 587, 588, 589, 591, 593, 595, 598, 599, 600, 601, 603, 614, 615, 617, 619, 621, 623, 625, 627, 628, 630, 631, 632, 640, 642, 643, 644, 648], "summary": {"covered_lines": 248, "num_statements": 248, "percent_covered": 100.0, "percent_covered_display": "100", "missing_lines": 0, "excluded_lines": 2, "percent_statements_covered": 100.0, "percent_statements_covered_display": "100", "num_branches": 80, "num_partial_branches": 0, "covered_branches": 80, "missing_branches": 0, "percent_branches_covered": 100.0, "percent_branches_covered_display": "100"}, "missing_lines": [], "excluded_lines": [416, 417], "executed_branches": [[186, 187], [186, 198], [188, 189], [188, 197], [212, -150], [212, 213], [217, 218], [217, 240], [218, 219], [218, 227], [227, 228], [227, 232], [285, 286], [285, 287], [287, 288], [287, 290], [290, 291], [290, 293], [301, 302], [301, 435], [307, 309], [307, 325], [310, 311], [310, 314], [317, 318], [317, 321], [328, 329], [328, 338], [330, 331], [330, 338], [338, 340], [338, 343], [354, 301], [354, 355], [380, 381], [380, 389], [381, 382], [381, 420], [389, 390], [389, 403], [390, 394], [390, 420], [403, 404], [403, 408], [408, 410], [408, 420], [410, 411], [412, 413], [412, 420], [424, 425], [424, 431], [431, 301], [431, 432], [435, 436], [435, 443], [475, 476], [475, 480], [480, 481], [480, 488], [483, 484], [483, 486], [488, 490], [488, 492], [492, 493], [492, 496], [496, 497], [496, 499], [499, 500], [499, 504], [583, 584], [583, 587], [588, 589], [588, 591], [599, 600], [599, 601], [627, 628], [627, 630], [631, 632], [631, 642]], "missing_branches": [], "functions": {"ExecutionResult.to_dict": {"executed_lines": [119], "summary": {"covered_lines": 1, "num_statements": 1, "percent_covered": 100.0, "percent_covered_display": "100", "missing_lines": 0, "excluded_lines": 0, "percent_statements_covered": 100.0, "percent_statements_covered_display": "100", "num_branches": 0, "num_partial_branches": 0, "covered_branches": 0, "missing_branches": 0, "percent_branches_covered": 100.0, "percent_branches_covered_display": "100"}, "missing_lines": [], "excluded_lines": [], "start_line": 118, "executed_branches": [], "missing_branches": []}, "IntelligentAgent.__init__": {"executed_lines": [176, 177, 178, 179, 180, 181, 182, 185, 186, 187, 188, 189, 190, 191, 192, 195, 197, 198, 201, 202, 203, 204, 205, 208, 209, 212, 213], "summary": {"covered_lines": 27, "num_statements": 27, "percent_covered": 100.0, "percent_covered_display": "100", "missing_lines": 0, "excluded_lines": 0, "percent_statements_covered": 100.0, "percent_statements_covered_display": "100", "num_branches": 6, "num_partial_branches": 0, "covered_branches": 6, "missing_branches": 0, "percent_branches_covered": 100.0, "percent_branches_covered_display": "100"}, "missing_lines": [], "excluded_lines": [], "start_line": 150, "executed_branches": [[186, 187], [186, 198], [188, 189], [188, 197], [212, -150], [212, 213]], "missing_branches": []}, "IntelligentAgent._get_llm_client": {"executed_lines": [217, 218, 219, 221, 227, 228, 232, 240], "summary": {"covered_lines": 8, "num_statements": 8, "percent_covered": 100.0, "percent_covered_display": "100", "missing_lines": 0, "excluded_lines": 0, "percent_statements_covered": 100.0, "percent_statements_covered_display": "100", "num_branches": 6, "num_partial_branches": 0, "covered_branches": 6, "missing_branches": 0, "percent_branches_covered": 100.0, "percent_branches_covered_display": "100"}, "missing_lines": [], "excluded_lines": [], "start_line": 215, "executed_branches": [[217, 218], [217, 240], [218, 219], [218, 227], [227, 228], [227, 232]], "missing_branches": []}, "IntelligentAgent.plan": {"executed_lines": [254, 255, 258, 259, 261], "summary": {"covered_lines": 5, "num_statements": 5, "percent_covered": 100.0, "percent_covered_display": "100", "missing_lines": 0, "excluded_lines": 0, "percent_statements_covered": 100.0, "percent_statements_covered_display": "100", "num_branches": 0, "num_partial_branches": 0, "covered_branches": 0, "missing_branches": 0, "percent_branches_covered": 100.0, "percent_branches_covered_display": "100"}, "missing_lines": [], "excluded_lines": [], "start_line": 242, "executed_branches": [], "missing_branches": []}, "IntelligentAgent.execute": {"executed_lines": [285, 286, 287, 288, 290, 291, 293, 294, 297, 298, 301, 302, 305, 307, 309, 310, 311, 314, 317, 318, 321, 322, 325, 328, 329, 330, 331, 332, 333, 334, 335, 338, 340, 343, 344, 346, 347, 349, 350, 351, 352, 354, 355, 356, 357, 358, 360, 362, 365, 372, 377, 380, 381, 382, 383, 384, 387, 389, 390, 394, 395, 396, 397, 400, 401, 403, 404, 405, 406, 408, 410, 411, 412, 413, 414, 415, 420, 421, 422, 424, 425, 426, 427, 428, 431, 432, 435, 436, 443, 444, 446, 447, 449], "summary": {"covered_lines": 93, "num_statements": 93, "percent_covered": 100.0, "percent_covered_display": "100", "missing_lines": 0, "excluded_lines": 2, "percent_statements_covered": 100.0, "percent_statements_covered_display": "100", "num_branches": 44, "num_partial_branches": 0, "covered_branches": 44, "missing_branches": 0, "percent_branches_covered": 100.0, "percent_branches_covered_display": "100"}, "missing_lines": [], "excluded_lines": [416, 417], "start_line": 263, "executed_branches": [[285, 286], [285, 287], [287, 288], [287, 290], [290, 291], [290, 293], [301, 302], [301, 435], [307, 309], [307, 325], [310, 311], [310, 314], [317, 318], [317, 321], [328, 329], [328, 338], [330, 331], [330, 338], [338, 340], [338, 343], [354, 301], [354, 355], [380, 381], [380, 389], [381, 382], [381, 420], [389, 390], [389, 403], [390, 394], [390, 420], [403, 404], [403, 408], [408, 410], [408, 420], [410, 411], [412, 413], [412, 420], [424, 425], [424, 431], [431, 301], [431, 432], [435, 436], [435, 443]], "missing_branches": []}, "IntelligentAgent._execute_step": {"executed_lines": [472, 475, 476, 477, 478, 480, 481, 482, 483, 484, 486, 488, 490, 492, 493, 494, 496, 497, 499, 500, 504, 506], "summary": {"covered_lines": 22, "num_statements": 22, "percent_covered": 100.0, "percent_covered_display": "100", "missing_lines": 0, "excluded_lines": 0, "percent_statements_covered": 100.0, "percent_statements_covered_display": "100", "num_branches": 14, "num_partial_branches": 0, "covered_branches": 14, "missing_branches": 0, "percent_branches_covered": 100.0, "percent_branches_covered_display": "100"}, "missing_lines": [], "excluded_lines": [], "start_line": 460, "executed_branches": [[475, 476], [475, 480], [480, 481], [480, 488], [483, 484], [483, 486], [488, 490], [488, 492], [492, 493], [492, 496], [496, 497], [496, 499], [499, 500], [499, 504]], "missing_branches": []}, "IntelligentAgent._llm_analyze": {"executed_lines": [510, 512, 521, 523, 529], "summary": {"covered_lines": 5, "num_statements": 5, "percent_covered": 100.0, "percent_covered_display": "100", "missing_lines": 0, "excluded_lines": 0, "percent_statements_covered": 100.0, "percent_statements_covered_display": "100", "num_branches": 0, "num_partial_branches": 0, "covered_branches": 0, "missing_branches": 0, "percent_branches_covered": 100.0, "percent_branches_covered_display": "100"}, "missing_lines": [], "excluded_lines": [], "start_line": 508, "executed_branches": [], "missing_branches": []}, "IntelligentAgent._llm_edit": {"executed_lines": [534, 536, 540, 542, 548], "summary": {"covered_lines": 5, "num_statements": 5, "percent_covered": 100.0, "percent_covered_display": "100", "missing_lines": 0, "excluded_lines": 0, "percent_statements_covered": 100.0, "percent_statements_covered_display": "100", "num_branches": 0, "num_partial_branches": 0, "covered_branches": 0, "missing_branches": 0, "percent_branches_covered": 100.0, "percent_branches_covered_display": "100"}, "missing_lines": [], "excluded_lines": [], "start_line": 531, "executed_branches": [], "missing_branches": []}, "IntelligentAgent._llm_verify": {"executed_lines": [552, 554, 558, 560, 566], "summary": {"covered_lines": 5, "num_statements": 5, "percent_covered": 100.0, "percent_covered_display": "100", "missing_lines": 0, "excluded_lines": 0, "percent_statements_covered": 100.0, "percent_statements_covered_display": "100", "num_branches": 0, "num_partial_branches": 0, "covered_branches": 0, "missing_branches": 0, "percent_branches_covered": 100.0, "percent_branches_covered_display": "100"}, "missing_lines": [], "excluded_lines": [], "start_line": 550, "executed_branches": [], "missing_branches": []}, "IntelligentAgent._llm_execute": {"executed_lines": [570, 572, 574, 575], "summary": {"covered_lines": 4, "num_statements": 4, "percent_covered": 100.0, "percent_covered_display": "100", "missing_lines": 0, "excluded_lines": 0, "percent_statements_covered": 100.0, "percent_statements_covered_display": "100", "num_branches": 0, "num_partial_branches": 0, "covered_branches": 0, "missing_branches": 0, "percent_branches_covered": 100.0, "percent_branches_covered_display": "100"}, "missing_lines": [], "excluded_lines": [], "start_line": 568, "executed_branches": [], "missing_branches": []}, "IntelligentAgent._extract_pattern": {"executed_lines": [580, 582, 583, 584, 587, 588, 589, 591], "summary": {"covered_lines": 8, "num_statements": 8, "percent_covered": 100.0, "percent_covered_display": "100", "missing_lines": 0, "excluded_lines": 0, "percent_statements_covered": 100.0, "percent_statements_covered_display": "100", "num_branches": 4, "num_partial_branches": 0, "covered_branches": 4, "missing_branches": 0, "percent_branches_covered": 100.0, "percent_branches_covered_display": "100"}, "missing_lines": [], "excluded_lines": [], "start_line": 577, "executed_branches": [[583, 584], [583, 587], [588, 589], [588, 591]], "missing_branches": []}, "IntelligentAgent._extract_file": {"executed_lines": [595, 598, 599, 600, 601], "summary": {"covered_lines": 5, "num_statements": 5, "percent_covered": 100.0, "percent_covered_display": "100", "missing_lines": 0, "excluded_lines": 0, "percent_statements_covered": 100.0, "percent_statements_covered_display": "100", "num_branches": 2, "num_partial_branches": 0, "covered_branches": 2, "missing_branches": 0, "percent_branches_covered": 100.0, "percent_branches_covered_display": "100"}, "missing_lines": [], "excluded_lines": [], "start_line": 593, "executed_branches": [[599, 600], [599, 601]], "missing_branches": []}, "IntelligentAgent.run": {"executed_lines": [614, 615], "summary": {"covered_lines": 2, "num_statements": 2, "percent_covered": 100.0, "percent_covered_display": "100", "missing_lines": 0, "excluded_lines": 0, "percent_statements_covered": 100.0, "percent_statements_covered_display": "100", "num_branches": 0, "num_partial_branches": 0, "covered_branches": 0, "missing_branches": 0, "percent_branches_covered": 100.0, "percent_branches_covered_display": "100"}, "missing_lines": [], "excluded_lines": [], "start_line": 603, "executed_branches": [], "missing_branches": []}, "IntelligentAgent.get_progress": {"executed_lines": [619], "summary": {"covered_lines": 1, "num_statements": 1, "percent_covered": 100.0, "percent_covered_display": "100", "missing_lines": 0, "excluded_lines": 0, "percent_statements_covered": 100.0, "percent_statements_covered_display": "100", "num_branches": 0, "num_partial_branches": 0, "covered_branches": 0, "missing_branches": 0, "percent_branches_covered": 100.0, "percent_branches_covered_display": "100"}, "missing_lines": [], "excluded_lines": [], "start_line": 617, "executed_branches": [], "missing_branches": []}, "IntelligentAgent.get_progress_text": {"executed_lines": [623], "summary": {"covered_lines": 1, "num_statements": 1, "percent_covered": 100.0, "percent_covered_display": "100", "missing_lines": 0, "excluded_lines": 0, "percent_statements_covered": 100.0, "percent_statements_covered_display": "100", "num_branches": 0, "num_partial_branches": 0, "covered_branches": 0, "missing_branches": 0, "percent_branches_covered": 100.0, "percent_branches_covered_display": "100"}, "missing_lines": [], "excluded_lines": [], "start_line": 621, "executed_branches": [], "missing_branches": []}, "IntelligentAgent.get_plan_summary": {"executed_lines": [627, 628, 630, 631, 632, 640, 642, 643, 644, 648], "summary": {"covered_lines": 10, "num_statements": 10, "percent_covered": 100.0, "percent_covered_display": "100", "missing_lines": 0, "excluded_lines": 0, "percent_statements_covered": 100.0, "percent_statements_covered_display": "100", "num_branches": 4, "num_partial_branches": 0, "covered_branches": 4, "missing_branches": 0, "percent_branches_covered": 100.0, "percent_branches_covered_display": "100"}, "missing_lines": [], "excluded_lines": [], "start_line": 625, "executed_branches": [[627, 628], [627, 630], [631, 632], [631, 642]], "missing_branches": []}, "": {"executed_lines": [77, 79, 80, 81, 82, 83, 84, 85, 87, 89, 90, 91, 92, 95, 98, 99, 100, 103, 104, 107, 108, 109, 110, 111, 112, 113, 114, 115, 116, 118, 132, 150, 215, 242, 263, 460, 508, 531, 550, 568, 577, 593, 603, 617, 621, 625], "summary": {"covered_lines": 46, "num_statements": 46, "percent_covered": 100.0, "percent_covered_display": "100", "missing_lines": 0, "excluded_lines": 0, "percent_statements_covered": 100.0, "percent_statements_covered_display": "100", "num_branches": 0, "num_partial_branches": 0, "covered_branches": 0, "missing_branches": 0, "percent_branches_covered": 100.0, "percent_branches_covered_display": "100"}, "missing_lines": [], "excluded_lines": [], "start_line": 1, "executed_branches": [], "missing_branches": []}}, "classes": {"AgentMode": {"executed_lines": [], "summary": {"covered_lines": 0, "num_statements": 0, "percent_covered": 100.0, "percent_covered_display": "100", "missing_lines": 0, "excluded_lines": 0, "percent_statements_covered": 100.0, "percent_statements_covered_display": "100", "num_branches": 0, "num_partial_branches": 0, "covered_branches": 0, "missing_branches": 0, "percent_branches_covered": 100.0, "percent_branches_covered_display": "100"}, "missing_lines": [], "excluded_lines": [], "start_line": 95, "executed_branches": [], "missing_branches": []}, "ExecutionResult": {"executed_lines": [119], "summary": {"covered_lines": 1, "num_statements": 1, "percent_covered": 100.0, "percent_covered_display": "100", "missing_lines": 0, "excluded_lines": 0, "percent_statements_covered": 100.0, "percent_statements_covered_display": "100", "num_branches": 0, "num_partial_branches": 0, "covered_branches": 0, "missing_branches": 0, "percent_branches_covered": 100.0, "percent_branches_covered_display": "100"}, "missing_lines": [], "excluded_lines": [], "start_line": 104, "executed_branches": [], "missing_branches": []}, "IntelligentAgent": {"executed_lines": [176, 177, 178, 179, 180, 181, 182, 185, 186, 187, 188, 189, 190, 191, 192, 195, 197, 198, 201, 202, 203, 204, 205, 208, 209, 212, 213, 217, 218, 219, 221, 227, 228, 232, 240, 254, 255, 258, 259, 261, 285, 286, 287, 288, 290, 291, 293, 294, 297, 298, 301, 302, 305, 307, 309, 310, 311, 314, 317, 318, 321, 322, 325, 328, 329, 330, 331, 332, 333, 334, 335, 338, 340, 343, 344, 346, 347, 349, 350, 351, 352, 354, 355, 356, 357, 358, 360, 362, 365, 372, 377, 380, 381, 382, 383, 384, 387, 389, 390, 394, 395, 396, 397, 400, 401, 403, 404, 405, 406, 408, 410, 411, 412, 413, 414, 415, 420, 421, 422, 424, 425, 426, 427, 428, 431, 432, 435, 436, 443, 444, 446, 447, 449, 472, 475, 476, 477, 478, 480, 481, 482, 483, 484, 486, 488, 490, 492, 493, 494, 496, 497, 499, 500, 504, 506, 510, 512, 521, 523, 529, 534, 536, 540, 542, 548, 552, 554, 558, 560, 566, 570, 572, 574, 575, 580, 582, 583, 584, 587, 588, 589, 591, 595, 598, 599, 600, 601, 614, 615, 619, 623, 627, 628, 630, 631, 632, 640, 642, 643, 644, 648], "summary": {"covered_lines": 201, "num_statements": 201, "percent_covered": 100.0, "percent_covered_display": "100", "missing_lines": 0, "excluded_lines": 2, "percent_statements_covered": 100.0, "percent_statements_covered_display": "100", "num_branches": 80, "num_partial_branches": 0, "covered_branches": 80, "missing_branches": 0, "percent_branches_covered": 100.0, "percent_branches_covered_display": "100"}, "missing_lines": [], "excluded_lines": [416, 417], "start_line": 132, "executed_branches": [[186, 187], [186, 198], [188, 189], [188, 197], [212, -150], [212, 213], [217, 218], [217, 240], [218, 219], [218, 227], [227, 228], [227, 232], [285, 286], [285, 287], [287, 288], [287, 290], [290, 291], [290, 293], [301, 302], [301, 435], [307, 309], [307, 325], [310, 311], [310, 314], [317, 318], [317, 321], [328, 329], [328, 338], [330, 331], [330, 338], [338, 340], [338, 343], [354, 301], [354, 355], [380, 381], [380, 389], [381, 382], [381, 420], [389, 390], [389, 403], [390, 394], [390, 420], [403, 404], [403, 408], [408, 410], [408, 420], [410, 411], [412, 413], [412, 420], [424, 425], [424, 431], [431, 301], [431, 432], [435, 436], [435, 443], [475, 476], [475, 480], [480, 481], [480, 488], [483, 484], [483, 486], [488, 490], [488, 492], [492, 493], [492, 496], [496, 497], [496, 499], [499, 500], [499, 504], [583, 584], [583, 587], [588, 589], [588, 591], [599, 600], [599, 601], [627, 628], [627, 630], [631, 632], [631, 642]], "missing_branches": []}, "": {"executed_lines": [77, 79, 80, 81, 82, 83, 84, 85, 87, 89, 90, 91, 92, 95, 98, 99, 100, 103, 104, 107, 108, 109, 110, 111, 112, 113, 114, 115, 116, 118, 132, 150, 215, 242, 263, 460, 508, 531, 550, 568, 577, 593, 603, 617, 621, 625], "summary": {"covered_lines": 46, "num_statements": 46, "percent_covered": 100.0, "percent_covered_display": "100", "missing_lines": 0, "excluded_lines": 0, "percent_statements_covered": 100.0, "percent_statements_covered_display": "100", "num_branches": 0, "num_partial_branches": 0, "covered_branches": 0, "missing_branches": 0, "percent_branches_covered": 100.0, "percent_branches_covered_display": "100"}, "missing_lines": [], "excluded_lines": [], "start_line": 1, "executed_branches": [], "missing_branches": []}}}, "continuum_sdk\\agent\\planner.py": {"executed_lines": [62, 63, 64, 65, 66, 67, 68, 70, 76, 79, 80, 81, 82, 83, 84, 87, 90, 91, 92, 93, 94, 95, 96, 97, 98, 101, 102, 122, 123, 124, 125, 126, 127, 128, 129, 130, 131, 132, 133, 134, 136, 137, 152, 153, 167, 168, 169, 170, 171, 172, 173, 175, 177, 178, 179, 180, 182, 184, 189, 190, 191, 192, 194, 195, 196, 198, 200, 201, 202, 203, 204, 205, 207, 217, 218, 229, 237, 263, 290, 291, 293, 304, 306, 307, 310, 311, 312, 313, 314, 315, 320, 321, 323, 325, 329, 332, 334, 350, 351, 354, 356, 357, 365, 367, 368, 369, 370, 372, 373, 375, 377, 383, 386, 389, 390, 392, 393, 394, 400, 401, 403, 405, 407, 409, 410, 411, 412, 414, 416, 424, 435, 446, 448, 456, 458, 459, 461, 462, 463, 471, 473, 475, 485, 486, 494, 495], "summary": {"covered_lines": 146, "num_statements": 150, "percent_covered": 96.66666666666667, "percent_covered_display": "97", "missing_lines": 4, "excluded_lines": 2, "percent_statements_covered": 97.33333333333333, "percent_statements_covered_display": "97", "num_branches": 30, "num_partial_branches": 2, "covered_branches": 28, "missing_branches": 2, "percent_branches_covered": 93.33333333333333, "percent_branches_covered_display": "93"}, "missing_lines": [316, 317, 330, 352], "excluded_lines": [72, 73], "executed_branches": [[177, 178], [177, 180], [178, 177], [178, 179], [190, 191], [190, 196], [191, 192], [191, 194], [194, 190], [194, 195], [310, 311], [310, 320], [313, 314], [313, 320], [329, 332], [351, 354], [368, 369], [368, 375], [392, 393], [392, 403], [409, 410], [409, 414], [410, 409], [410, 411], [411, 410], [411, 412], [461, 462], [461, 473]], "missing_branches": [[329, 330], [351, 352]], "functions": {"Step.to_dict": {"executed_lines": [137], "summary": {"covered_lines": 1, "num_statements": 1, "percent_covered": 100.0, "percent_covered_display": "100", "missing_lines": 0, "excluded_lines": 0, "percent_statements_covered": 100.0, "percent_statements_covered_display": "100", "num_branches": 0, "num_partial_branches": 0, "covered_branches": 0, "missing_branches": 0, "percent_branches_covered": 100.0, "percent_branches_covered_display": "100"}, "missing_lines": [], "excluded_lines": [], "start_line": 136, "executed_branches": [], "missing_branches": []}, "Plan.get_step": {"executed_lines": [177, 178, 179, 180], "summary": {"covered_lines": 4, "num_statements": 4, "percent_covered": 100.0, "percent_covered_display": "100", "missing_lines": 0, "excluded_lines": 0, "percent_statements_covered": 100.0, "percent_statements_covered_display": "100", "num_branches": 4, "num_partial_branches": 0, "covered_branches": 4, "missing_branches": 0, "percent_branches_covered": 100.0, "percent_branches_covered_display": "100"}, "missing_lines": [], "excluded_lines": [], "start_line": 175, "executed_branches": [[177, 178], [177, 180], [178, 177], [178, 179]], "missing_branches": []}, "Plan.get_pending_steps": {"executed_lines": [184, 189, 190, 191, 192, 194, 195, 196], "summary": {"covered_lines": 8, "num_statements": 8, "percent_covered": 100.0, "percent_covered_display": "100", "missing_lines": 0, "excluded_lines": 0, "percent_statements_covered": 100.0, "percent_statements_covered_display": "100", "num_branches": 6, "num_partial_branches": 0, "covered_branches": 6, "missing_branches": 0, "percent_branches_covered": 100.0, "percent_branches_covered_display": "100"}, "missing_lines": [], "excluded_lines": [], "start_line": 182, "executed_branches": [[190, 191], [190, 196], [191, 192], [191, 194], [194, 190], [194, 195]], "missing_branches": []}, "Plan.get_progress": {"executed_lines": [200, 201, 202, 203, 204, 205, 207], "summary": {"covered_lines": 7, "num_statements": 7, "percent_covered": 100.0, "percent_covered_display": "100", "missing_lines": 0, "excluded_lines": 0, "percent_statements_covered": 100.0, "percent_statements_covered_display": "100", "num_branches": 0, "num_partial_branches": 0, "covered_branches": 0, "missing_branches": 0, "percent_branches_covered": 100.0, "percent_branches_covered_display": "100"}, "missing_lines": [], "excluded_lines": [], "start_line": 198, "executed_branches": [], "missing_branches": []}, "Plan.to_dict": {"executed_lines": [218], "summary": {"covered_lines": 1, "num_statements": 1, "percent_covered": 100.0, "percent_covered_display": "100", "missing_lines": 0, "excluded_lines": 0, "percent_statements_covered": 100.0, "percent_statements_covered_display": "100", "num_branches": 0, "num_partial_branches": 0, "covered_branches": 0, "missing_branches": 0, "percent_branches_covered": 100.0, "percent_branches_covered_display": "100"}, "missing_lines": [], "excluded_lines": [], "start_line": 217, "executed_branches": [], "missing_branches": []}, "Planner.__init__": {"executed_lines": [291], "summary": {"covered_lines": 1, "num_statements": 1, "percent_covered": 100.0, "percent_covered_display": "100", "missing_lines": 0, "excluded_lines": 0, "percent_statements_covered": 100.0, "percent_statements_covered_display": "100", "num_branches": 0, "num_partial_branches": 0, "covered_branches": 0, "missing_branches": 0, "percent_branches_covered": 100.0, "percent_branches_covered_display": "100"}, "missing_lines": [], "excluded_lines": [], "start_line": 290, "executed_branches": [], "missing_branches": []}, "Planner.plan": {"executed_lines": [304, 306, 307, 310, 311, 312, 313, 314, 315, 320, 321, 323], "summary": {"covered_lines": 12, "num_statements": 14, "percent_covered": 88.88888888888889, "percent_covered_display": "89", "missing_lines": 2, "excluded_lines": 0, "percent_statements_covered": 85.71428571428571, "percent_statements_covered_display": "86", "num_branches": 4, "num_partial_branches": 0, "covered_branches": 4, "missing_branches": 0, "percent_branches_covered": 100.0, "percent_branches_covered_display": "100"}, "missing_lines": [316, 317], "excluded_lines": [], "start_line": 293, "executed_branches": [[310, 311], [310, 320], [313, 314], [313, 320]], "missing_branches": []}, "Planner._plan_with_llm": {"executed_lines": [329, 332, 334, 350, 351, 354, 356, 357, 365, 367, 368, 369, 370, 372, 373, 375], "summary": {"covered_lines": 16, "num_statements": 18, "percent_covered": 83.33333333333333, "percent_covered_display": "83", "missing_lines": 2, "excluded_lines": 0, "percent_statements_covered": 88.88888888888889, "percent_statements_covered_display": "89", "num_branches": 6, "num_partial_branches": 2, "covered_branches": 4, "missing_branches": 2, "percent_branches_covered": 66.66666666666667, "percent_branches_covered_display": "67"}, "missing_lines": [330, 352], "excluded_lines": [], "start_line": 325, "executed_branches": [[329, 332], [351, 354], [368, 369], [368, 375]], "missing_branches": [[329, 330], [351, 352]]}, "Planner._plan_with_patterns": {"executed_lines": [383, 386, 389, 390, 392, 393, 394, 400, 401, 403], "summary": {"covered_lines": 10, "num_statements": 10, "percent_covered": 100.0, "percent_covered_display": "100", "missing_lines": 0, "excluded_lines": 0, "percent_statements_covered": 100.0, "percent_statements_covered_display": "100", "num_branches": 2, "num_partial_branches": 0, "covered_branches": 2, "missing_branches": 0, "percent_branches_covered": 100.0, "percent_branches_covered_display": "100"}, "missing_lines": [], "excluded_lines": [], "start_line": 377, "executed_branches": [[392, 393], [392, 403]], "missing_branches": []}, "Planner._detect_task_type": {"executed_lines": [407, 409, 410, 411, 412, 414], "summary": {"covered_lines": 6, "num_statements": 6, "percent_covered": 100.0, "percent_covered_display": "100", "missing_lines": 0, "excluded_lines": 0, "percent_statements_covered": 100.0, "percent_statements_covered_display": "100", "num_branches": 6, "num_partial_branches": 0, "covered_branches": 6, "missing_branches": 0, "percent_branches_covered": 100.0, "percent_branches_covered_display": "100"}, "missing_lines": [], "excluded_lines": [], "start_line": 405, "executed_branches": [[409, 410], [409, 414], [410, 409], [410, 411], [411, 410], [411, 412]], "missing_branches": []}, "Planner._create_step_from_type": {"executed_lines": [424, 435, 446, 448], "summary": {"covered_lines": 4, "num_statements": 4, "percent_covered": 100.0, "percent_covered_display": "100", "missing_lines": 0, "excluded_lines": 0, "percent_statements_covered": 100.0, "percent_statements_covered_display": "100", "num_branches": 0, "num_partial_branches": 0, "covered_branches": 0, "missing_branches": 0, "percent_branches_covered": 100.0, "percent_branches_covered_display": "100"}, "missing_lines": [], "excluded_lines": [], "start_line": 416, "executed_branches": [], "missing_branches": []}, "Planner._parse_steps": {"executed_lines": [458, 459, 461, 462, 463, 471, 473], "summary": {"covered_lines": 7, "num_statements": 7, "percent_covered": 100.0, "percent_covered_display": "100", "missing_lines": 0, "excluded_lines": 0, "percent_statements_covered": 100.0, "percent_statements_covered_display": "100", "num_branches": 2, "num_partial_branches": 0, "covered_branches": 2, "missing_branches": 0, "percent_branches_covered": 100.0, "percent_branches_covered_display": "100"}, "missing_lines": [], "excluded_lines": [], "start_line": 456, "executed_branches": [[461, 462], [461, 473]], "missing_branches": []}, "Planner.add_step": {"executed_lines": [485, 486, 494, 495], "summary": {"covered_lines": 4, "num_statements": 4, "percent_covered": 100.0, "percent_covered_display": "100", "missing_lines": 0, "excluded_lines": 0, "percent_statements_covered": 100.0, "percent_statements_covered_display": "100", "num_branches": 0, "num_partial_branches": 0, "covered_branches": 0, "missing_branches": 0, "percent_branches_covered": 100.0, "percent_branches_covered_display": "100"}, "missing_lines": [], "excluded_lines": [], "start_line": 475, "executed_branches": [], "missing_branches": []}, "": {"executed_lines": [62, 63, 64, 65, 66, 67, 68, 70, 76, 79, 80, 81, 82, 83, 84, 87, 90, 91, 92, 93, 94, 95, 96, 97, 98, 101, 102, 122, 123, 124, 125, 126, 127, 128, 129, 130, 131, 132, 133, 134, 136, 152, 153, 167, 168, 169, 170, 171, 172, 173, 175, 182, 198, 217, 229, 237, 263, 290, 293, 325, 377, 405, 416, 456, 475], "summary": {"covered_lines": 65, "num_statements": 65, "percent_covered": 100.0, "percent_covered_display": "100", "missing_lines": 0, "excluded_lines": 2, "percent_statements_covered": 100.0, "percent_statements_covered_display": "100", "num_branches": 0, "num_partial_branches": 0, "covered_branches": 0, "missing_branches": 0, "percent_branches_covered": 100.0, "percent_branches_covered_display": "100"}, "missing_lines": [], "excluded_lines": [72, 73], "start_line": 1, "executed_branches": [], "missing_branches": []}}, "classes": {"StepStatus": {"executed_lines": [], "summary": {"covered_lines": 0, "num_statements": 0, "percent_covered": 100.0, "percent_covered_display": "100", "missing_lines": 0, "excluded_lines": 0, "percent_statements_covered": 100.0, "percent_statements_covered_display": "100", "num_branches": 0, "num_partial_branches": 0, "covered_branches": 0, "missing_branches": 0, "percent_branches_covered": 100.0, "percent_branches_covered_display": "100"}, "missing_lines": [], "excluded_lines": [], "start_line": 76, "executed_branches": [], "missing_branches": []}, "StepType": {"executed_lines": [], "summary": {"covered_lines": 0, "num_statements": 0, "percent_covered": 100.0, "percent_covered_display": "100", "missing_lines": 0, "excluded_lines": 0, "percent_statements_covered": 100.0, "percent_statements_covered_display": "100", "num_branches": 0, "num_partial_branches": 0, "covered_branches": 0, "missing_branches": 0, "percent_branches_covered": 100.0, "percent_branches_covered_display": "100"}, "missing_lines": [], "excluded_lines": [], "start_line": 87, "executed_branches": [], "missing_branches": []}, "Step": {"executed_lines": [137], "summary": {"covered_lines": 1, "num_statements": 1, "percent_covered": 100.0, "percent_covered_display": "100", "missing_lines": 0, "excluded_lines": 0, "percent_statements_covered": 100.0, "percent_statements_covered_display": "100", "num_branches": 0, "num_partial_branches": 0, "covered_branches": 0, "missing_branches": 0, "percent_branches_covered": 100.0, "percent_branches_covered_display": "100"}, "missing_lines": [], "excluded_lines": [], "start_line": 102, "executed_branches": [], "missing_branches": []}, "Plan": {"executed_lines": [177, 178, 179, 180, 184, 189, 190, 191, 192, 194, 195, 196, 200, 201, 202, 203, 204, 205, 207, 218], "summary": {"covered_lines": 20, "num_statements": 20, "percent_covered": 100.0, "percent_covered_display": "100", "missing_lines": 0, "excluded_lines": 0, "percent_statements_covered": 100.0, "percent_statements_covered_display": "100", "num_branches": 10, "num_partial_branches": 0, "covered_branches": 10, "missing_branches": 0, "percent_branches_covered": 100.0, "percent_branches_covered_display": "100"}, "missing_lines": [], "excluded_lines": [], "start_line": 153, "executed_branches": [[177, 178], [177, 180], [178, 177], [178, 179], [190, 191], [190, 196], [191, 192], [191, 194], [194, 190], [194, 195]], "missing_branches": []}, "Planner": {"executed_lines": [291, 304, 306, 307, 310, 311, 312, 313, 314, 315, 320, 321, 323, 329, 332, 334, 350, 351, 354, 356, 357, 365, 367, 368, 369, 370, 372, 373, 375, 383, 386, 389, 390, 392, 393, 394, 400, 401, 403, 407, 409, 410, 411, 412, 414, 424, 435, 446, 448, 458, 459, 461, 462, 463, 471, 473, 485, 486, 494, 495], "summary": {"covered_lines": 60, "num_statements": 64, "percent_covered": 92.85714285714286, "percent_covered_display": "93", "missing_lines": 4, "excluded_lines": 0, "percent_statements_covered": 93.75, "percent_statements_covered_display": "94", "num_branches": 20, "num_partial_branches": 2, "covered_branches": 18, "missing_branches": 2, "percent_branches_covered": 90.0, "percent_branches_covered_display": "90"}, "missing_lines": [316, 317, 330, 352], "excluded_lines": [], "start_line": 229, "executed_branches": [[310, 311], [310, 320], [313, 314], [313, 320], [329, 332], [351, 354], [368, 369], [368, 375], [392, 393], [392, 403], [409, 410], [409, 414], [410, 409], [410, 411], [411, 410], [411, 412], [461, 462], [461, 473]], "missing_branches": [[329, 330], [351, 352]]}, "": {"executed_lines": [62, 63, 64, 65, 66, 67, 68, 70, 76, 79, 80, 81, 82, 83, 84, 87, 90, 91, 92, 93, 94, 95, 96, 97, 98, 101, 102, 122, 123, 124, 125, 126, 127, 128, 129, 130, 131, 132, 133, 134, 136, 152, 153, 167, 168, 169, 170, 171, 172, 173, 175, 182, 198, 217, 229, 237, 263, 290, 293, 325, 377, 405, 416, 456, 475], "summary": {"covered_lines": 65, "num_statements": 65, "percent_covered": 100.0, "percent_covered_display": "100", "missing_lines": 0, "excluded_lines": 2, "percent_statements_covered": 100.0, "percent_statements_covered_display": "100", "num_branches": 0, "num_partial_branches": 0, "covered_branches": 0, "missing_branches": 0, "percent_branches_covered": 100.0, "percent_branches_covered_display": "100"}, "missing_lines": [], "excluded_lines": [72, 73], "start_line": 1, "executed_branches": [], "missing_branches": []}}}, "continuum_sdk\\agent\\progress.py": {"executed_lines": [66, 67, 68, 69, 70, 71, 72, 74, 77, 80, 81, 82, 83, 84, 87, 88, 91, 92, 93, 94, 95, 96, 97, 98, 101, 115, 116, 117, 118, 119, 120, 121, 122, 123, 124, 125, 126, 128, 130, 131, 132, 133, 134, 135, 136, 137, 139, 150, 158, 160, 161, 162, 163, 164, 165, 166, 169, 173, 178, 181, 182, 183, 185, 195, 196, 198, 200, 202, 204, 205, 207, 209, 210, 212, 223, 225, 226, 228, 229, 231, 233, 234, 236, 237, 238, 240, 242, 244, 245, 246, 248, 254, 255, 257, 259, 261, 262, 264, 265, 267, 268, 270, 272, 273, 274, 275, 276, 277, 279, 280, 281, 283, 285, 287, 289, 290, 291, 292, 293, 295, 297, 319, 329, 330, 332, 340, 347, 349, 351, 353, 355, 357, 359], "summary": {"covered_lines": 133, "num_statements": 133, "percent_covered": 100.0, "percent_covered_display": "100", "missing_lines": 0, "excluded_lines": 0, "percent_statements_covered": 100.0, "percent_statements_covered_display": "100", "num_branches": 22, "num_partial_branches": 0, "covered_branches": 22, "missing_branches": 0, "percent_branches_covered": 100.0, "percent_branches_covered_display": "100"}, "missing_lines": [], "excluded_lines": [], "executed_branches": [[160, 161], [160, 163], [163, 164], [163, 165], [165, 166], [165, 169], [169, 173], [169, 181], [204, -202], [204, 205], [225, 226], [225, 228], [233, 234], [233, 236], [254, 255], [254, 257], [272, 273], [272, 274], [274, 275], [274, 279], [289, -287], [289, 290]], "missing_branches": [], "functions": {"ProgressTracker.__init__": {"executed_lines": [116, 117, 118, 119, 120, 121, 122, 123, 124, 125, 126], "summary": {"covered_lines": 11, "num_statements": 11, "percent_covered": 100.0, "percent_covered_display": "100", "missing_lines": 0, "excluded_lines": 0, "percent_statements_covered": 100.0, "percent_statements_covered_display": "100", "num_branches": 0, "num_partial_branches": 0, "covered_branches": 0, "missing_branches": 0, "percent_branches_covered": 100.0, "percent_branches_covered_display": "100"}, "missing_lines": [], "excluded_lines": [], "start_line": 115, "executed_branches": [], "missing_branches": []}, "ProgressTracker.start": {"executed_lines": [130, 131, 132, 133, 134, 135, 136, 137, 139], "summary": {"covered_lines": 9, "num_statements": 9, "percent_covered": 100.0, "percent_covered_display": "100", "missing_lines": 0, "excluded_lines": 0, "percent_statements_covered": 100.0, "percent_statements_covered_display": "100", "num_branches": 0, "num_partial_branches": 0, "covered_branches": 0, "missing_branches": 0, "percent_branches_covered": 100.0, "percent_branches_covered_display": "100"}, "missing_lines": [], "excluded_lines": [], "start_line": 128, "executed_branches": [], "missing_branches": []}, "ProgressTracker.update_step": {"executed_lines": [158, 160, 161, 162, 163, 164, 165, 166, 169, 173, 178, 181, 182, 183, 185, 195, 196], "summary": {"covered_lines": 17, "num_statements": 17, "percent_covered": 100.0, "percent_covered_display": "100", "missing_lines": 0, "excluded_lines": 0, "percent_statements_covered": 100.0, "percent_statements_covered_display": "100", "num_branches": 8, "num_partial_branches": 0, "covered_branches": 8, "missing_branches": 0, "percent_branches_covered": 100.0, "percent_branches_covered_display": "100"}, "missing_lines": [], "excluded_lines": [], "start_line": 150, "executed_branches": [[160, 161], [160, 163], [163, 164], [163, 165], [165, 166], [165, 169], [169, 173], [169, 181]], "missing_branches": []}, "ProgressTracker.pause": {"executed_lines": [200], "summary": {"covered_lines": 1, "num_statements": 1, "percent_covered": 100.0, "percent_covered_display": "100", "missing_lines": 0, "excluded_lines": 0, "percent_statements_covered": 100.0, "percent_statements_covered_display": "100", "num_branches": 0, "num_partial_branches": 0, "covered_branches": 0, "missing_branches": 0, "percent_branches_covered": 100.0, "percent_branches_covered_display": "100"}, "missing_lines": [], "excluded_lines": [], "start_line": 198, "executed_branches": [], "missing_branches": []}, "ProgressTracker.resume": {"executed_lines": [204, 205], "summary": {"covered_lines": 2, "num_statements": 2, "percent_covered": 100.0, "percent_covered_display": "100", "missing_lines": 0, "excluded_lines": 0, "percent_statements_covered": 100.0, "percent_statements_covered_display": "100", "num_branches": 2, "num_partial_branches": 0, "covered_branches": 2, "missing_branches": 0, "percent_branches_covered": 100.0, "percent_branches_covered_display": "100"}, "missing_lines": [], "excluded_lines": [], "start_line": 202, "executed_branches": [[204, -202], [204, 205]], "missing_branches": []}, "ProgressTracker.get_progress": {"executed_lines": [209, 210, 212], "summary": {"covered_lines": 3, "num_statements": 3, "percent_covered": 100.0, "percent_covered_display": "100", "missing_lines": 0, "excluded_lines": 0, "percent_statements_covered": 100.0, "percent_statements_covered_display": "100", "num_branches": 0, "num_partial_branches": 0, "covered_branches": 0, "missing_branches": 0, "percent_branches_covered": 100.0, "percent_branches_covered_display": "100"}, "missing_lines": [], "excluded_lines": [], "start_line": 207, "executed_branches": [], "missing_branches": []}, "ProgressTracker.get_elapsed_time": {"executed_lines": [225, 226, 228, 229], "summary": {"covered_lines": 4, "num_statements": 4, "percent_covered": 100.0, "percent_covered_display": "100", "missing_lines": 0, "excluded_lines": 0, "percent_statements_covered": 100.0, "percent_statements_covered_display": "100", "num_branches": 2, "num_partial_branches": 0, "covered_branches": 2, "missing_branches": 0, "percent_branches_covered": 100.0, "percent_branches_covered_display": "100"}, "missing_lines": [], "excluded_lines": [], "start_line": 223, "executed_branches": [[225, 226], [225, 228]], "missing_branches": []}, "ProgressTracker.estimate_remaining": {"executed_lines": [233, 234, 236, 237, 238, 240], "summary": {"covered_lines": 6, "num_statements": 6, "percent_covered": 100.0, "percent_covered_display": "100", "missing_lines": 0, "excluded_lines": 0, "percent_statements_covered": 100.0, "percent_statements_covered_display": "100", "num_branches": 2, "num_partial_branches": 0, "covered_branches": 2, "missing_branches": 0, "percent_branches_covered": 100.0, "percent_branches_covered_display": "100"}, "missing_lines": [], "excluded_lines": [], "start_line": 231, "executed_branches": [[233, 234], [233, 236]], "missing_branches": []}, "ProgressTracker.get_progress_text": {"executed_lines": [244, 245, 246, 248, 254, 255, 257], "summary": {"covered_lines": 7, "num_statements": 7, "percent_covered": 100.0, "percent_covered_display": "100", "missing_lines": 0, "excluded_lines": 0, "percent_statements_covered": 100.0, "percent_statements_covered_display": "100", "num_branches": 2, "num_partial_branches": 0, "covered_branches": 2, "missing_branches": 0, "percent_branches_covered": 100.0, "percent_branches_covered_display": "100"}, "missing_lines": [], "excluded_lines": [], "start_line": 242, "executed_branches": [[254, 255], [254, 257]], "missing_branches": []}, "ProgressTracker.get_status_bar": {"executed_lines": [261, 262, 264, 265, 267, 268], "summary": {"covered_lines": 6, "num_statements": 6, "percent_covered": 100.0, "percent_covered_display": "100", "missing_lines": 0, "excluded_lines": 0, "percent_statements_covered": 100.0, "percent_statements_covered_display": "100", "num_branches": 0, "num_partial_branches": 0, "covered_branches": 0, "missing_branches": 0, "percent_branches_covered": 100.0, "percent_branches_covered_display": "100"}, "missing_lines": [], "excluded_lines": [], "start_line": 259, "executed_branches": [], "missing_branches": []}, "ProgressTracker._format_time": {"executed_lines": [272, 273, 274, 275, 276, 277, 279, 280, 281], "summary": {"covered_lines": 9, "num_statements": 9, "percent_covered": 100.0, "percent_covered_display": "100", "missing_lines": 0, "excluded_lines": 0, "percent_statements_covered": 100.0, "percent_statements_covered_display": "100", "num_branches": 4, "num_partial_branches": 0, "covered_branches": 4, "missing_branches": 0,
[...]
462, 475, 476, 477, 487, 488, 489, 518, 520, 522, 523, 528, 529, 530, 531, 532, 538, 539, 540, 541, 546, 552, 553, 554, 557, 558, 559, 560, 562, 569], "summary": {"covered_lines": 127, "num_statements": 127, "percent_covered": 100.0, "percent_covered_display": "100", "missing_lines": 0, "excluded_lines": 2, "percent_statements_covered": 100.0, "percent_statements_covered_display": "100", "num_branches": 32, "num_partial_branches": 0, "covered_branches": 32, "missing_branches": 0, "percent_branches_covered": 100.0, "percent_branches_covered_display": "100"}, "missing_lines": [], "excluded_lines": [370, 491], "start_line": 147, "executed_branches": [[193, 194], [193, 196], [201, 203], [201, 204], [209, 211], [209, 212], [217, 219], [217, 220], [253, 254], [253, 259], [254, 255], [254, 256], [256, 257], [275, 276], [275, 285], [287, 288], [287, 289], [293, 294], [293, 295], [300, -297], [300, 301], [342, 343], [342, 345], [414, 415], [414, 417], [438, -430], [438, 439], [522, 523], [522, 528], [540, 541], [540, 546]], "missing_branches": []}, "": {"executed_lines": [87, 88, 89, 90, 91, 92, 94, 97, 98, 100, 101, 102, 105, 108, 109, 110, 111, 114, 117, 129, 137, 138, 147, 177, 198, 199, 206, 207, 214, 215, 222, 223, 227, 228, 232, 261, 265, 269, 273, 291, 297, 303, 307, 311, 315, 319, 324, 332, 333, 340, 356, 357, 372, 398, 399, 430, 441, 442, 452, 464, 465, 479, 480, 493, 494, 572, 582], "summary": {"covered_lines": 67, "num_statements": 67, "percent_covered": 100.0, "percent_covered_display": "100", "missing_lines": 0, "excluded_lines": 1, "percent_statements_covered": 100.0, "percent_statements_covered_display": "100", "num_branches": 0, "num_partial_branches": 0, "covered_branches": 0, "missing_branches": 0, "percent_branches_covered": 100.0, "percent_branches_covered_display": "100"}, "missing_lines": [], "excluded_lines": [369], "start_line": 1, "executed_branches": [], "missing_branches": []}}}, "continuum_sdk\\agent\\task_completion.py": {"executed_lines": [24, 25, 26, 27, 28, 29, 31, 34, 37, 38, 39, 40, 41, 44, 45, 57, 58, 59, 60, 61, 62, 64, 75, 76, 88, 89, 103, 104, 105, 106, 107, 108, 109, 110, 112, 125, 126, 140, 160, 182, 204, 208, 242, 272, 318, 371, 389, 407, 418, 430, 445, 453, 459, 467], "summary": {"covered_lines": 54, "num_statements": 146, "percent_covered": 32.142857142857146, "percent_covered_display": "32", "missing_lines": 92, "excluded_lines": 0, "percent_statements_covered": 36.986301369863014, "percent_statements_covered_display": "37", "num_branches": 22, "num_partial_branches": 0, "covered_branches": 0, "missing_branches": 22, "percent_branches_covered": 0.0, "percent_branches_covered_display": "0"}, "missing_lines": [66, 78, 114, 128, 195, 196, 197, 200, 202, 206, 224, 226, 227, 229, 231, 237, 238, 240, 244, 246, 247, 253, 255, 257, 263, 265, 274, 276, 277, 278, 285, 286, 287, 288, 289, 290, 292, 293, 294, 295, 296, 297, 299, 300, 302, 310, 311, 320, 332, 341, 343, 344, 346, 347, 355, 356, 363, 378, 379, 380, 386, 387, 396, 397, 398, 404, 405, 416, 424, 436, 441, 442, 443, 447, 449, 450, 451, 455, 456, 457, 461, 462, 463, 464, 465, 469, 470, 471, 472, 473, 474, 475], "excluded_lines": [], "executed_branches": [], "missing_branches": [[226, 227], [226, 229], [277, 278], [277, 285], [292, 293], [292, 295], [295, 296], [295, 299], [346, 347], [346, 355], [355, 356], [355, 363], [378, -371], [378, 379], [396, -389], [396, 397], [441, 442], [441, 443], [462, 463], [462, 465], [469, -467], [469, 470]], "functions": {"CompletionStatus.to_dict": {"executed_lines": [], "summary": {"covered_lines": 0, "num_statements": 1, "percent_covered": 0.0, "percent_covered_display": "0", "missing_lines": 1, "excluded_lines": 0, "percent_statements_covered": 0.0, "percent_statements_covered_display": "0", "num_branches": 0, "num_partial_branches": 0, "covered_branches": 0, "missing_branches": 0, "percent_branches_covered": 100.0, "percent_branches_covered_display": "100"}, "missing_lines": [66], "excluded_lines": [], "start_line": 64, "executed_branches": [], "missing_branches": []}, "CompletionStatus.from_dict": {"executed_lines": [], "summary": {"covered_lines": 0, "num_statements": 1, "percent_covered": 0.0, "percent_covered_display": "0", "missing_lines": 1, "excluded_lines": 0, "percent_statements_covered": 0.0, "percent_statements_covered_display": "0", "num_branches": 0, "num_partial_branches": 0, "covered_branches": 0, "missing_branches": 0, "percent_branches_covered": 100.0, "percent_branches_covered_display": "100"}, "missing_lines": [78], "excluded_lines": [], "start_line": 76, "executed_branches": [], "missing_branches": []}, "TaskRecord.to_dict": {"executed_lines": [], "summary": {"covered_lines": 0, "num_statements": 1, "percent_covered": 0.0, "percent_covered_display": "0", "missing_lines": 1, "excluded_lines": 0, "percent_statements_covered": 0.0, "percent_statements_covered_display": "0", "num_branches": 0, "num_partial_branches": 0, "covered_branches": 0, "missing_branches": 0, "percent_branches_covered": 100.0, "percent_branches_covered_display": "100"}, "missing_lines": [114], "excluded_lines": [], "start_line": 112, "executed_branches": [], "missing_branches": []}, "TaskRecord.from_dict": {"executed_lines": [], "summary": {"covered_lines": 0, "num_statements": 1, "percent_covered": 0.0, "percent_covered_display": "0", "missing_lines": 1, "excluded_lines": 0, "percent_statements_covered": 0.0, "percent_statements_covered_display": "0", "num_branches": 0, "num_partial_branches": 0, "covered_branches": 0, "missing_branches": 0, "percent_branches_covered": 100.0, "percent_branches_covered_display": "100"}, "missing_lines": [128], "excluded_lines": [], "start_line": 126, "executed_branches": [], "missing_branches": []}, "TaskCompletionDetector.__init__": {"executed_lines": [], "summary": {"covered_lines": 0, "num_statements": 5, "percent_covered": 0.0, "percent_covered_display": "0", "missing_lines": 5, "excluded_lines": 0, "percent_statements_covered": 0.0, "percent_statements_covered_display": "0", "num_branches": 0, "num_partial_branches": 0, "covered_branches": 0, "missing_branches": 0, "percent_branches_covered": 100.0, "percent_branches_covered_display": "100"}, "missing_lines": [195, 196, 197, 200, 202], "excluded_lines": [], "start_line": 182, "executed_branches": [], "missing_branches": []}, "TaskCompletionDetector._ensure_persistence_dir": {"executed_lines": [], "summary": {"covered_lines": 0, "num_statements": 1, "percent_covered": 0.0, "percent_covered_display": "0", "missing_lines": 1, "excluded_lines": 0, "percent_statements_covered": 0.0, "percent_statements_covered_display": "0", "num_branches": 0, "num_partial_branches": 0, "covered_branches": 0, "missing_branches": 0, "percent_branches_covered": 100.0, "percent_branches_covered_display": "100"}, "missing_lines": [206], "excluded_lines": [], "start_line": 204, "executed_branches": [], "missing_branches": []}, "TaskCompletionDetector.check_completion": {"executed_lines": [], "summary": {"covered_lines": 0, "num_statements": 8, "percent_covered": 0.0, "percent_covered_display": "0", "missing_lines": 8, "excluded_lines": 0, "percent_statements_covered": 0.0, "percent_statements_covered_display": "0", "num_branches": 2, "num_partial_branches": 0, "covered_branches": 0, "missing_branches": 2, "percent_branches_covered": 0.0, "percent_branches_covered_display": "0"}, "missing_lines": [224, 226, 227, 229, 231, 237, 238, 240], "excluded_lines": [], "start_line": 208, "executed_branches": [], "missing_branches": [[226, 227], [226, 229]]}, "TaskCompletionDetector._llm_check": {"executed_lines": [], "summary": {"covered_lines": 0, "num_statements": 8, "percent_covered": 0.0, "percent_covered_display": "0", "missing_lines": 8, "excluded_lines": 0, "percent_statements_covered": 0.0, "percent_statements_covered_display": "0", "num_branches": 0, "num_partial_branches": 0, "covered_branches": 0, "missing_branches": 0, "percent_branches_covered": 100.0, "percent_branches_covered_display": "100"}, "missing_lines": [244, 246, 247, 253, 255, 257, 263, 265], "excluded_lines": [], "start_line": 242, "executed_branches": [], "missing_branches": []}, "TaskCompletionDetector._parse_llm_response": {"executed_lines": [], "summary": {"covered_lines": 0, "num_statements": 21, "percent_covered": 0.0, "percent_covered_display": "0", "missing_lines": 21, "excluded_lines": 0, "percent_statements_covered": 0.0, "percent_statements_covered_display": "0", "num_branches": 6, "num_partial_branches": 0, "covered_branches": 0, "missing_branches": 6, "percent_branches_covered": 0.0, "percent_branches_covered_display": "0"}, "missing_lines": [274, 276, 277, 278, 285, 286, 287, 288, 289, 290, 292, 293, 294, 295, 296, 297, 299, 300, 302, 310, 311], "excluded_lines": [], "start_line": 272, "executed_branches": [], "missing_branches": [[277, 278], [277, 285], [292, 293], [292, 295], [295, 296], [295, 299]]}, "TaskCompletionDetector._rule_based_check": {"executed_lines": [], "summary": {"covered_lines": 0, "num_statements": 10, "percent_covered": 0.0, "percent_covered_display": "0", "missing_lines": 10, "excluded_lines": 0, "percent_statements_covered": 0.0, "percent_statements_covered_display": "0", "num_branches": 4, "num_partial_branches": 0, "covered_branches": 0, "missing_branches": 4, "percent_branches_covered": 0.0, "percent_branches_covered_display": "0"}, "missing_lines": [320, 332, 341, 343, 344, 346, 347, 355, 356, 363], "excluded_lines": [], "start_line": 318, "executed_branches": [], "missing_branches": [[346, 347], [346, 355], [355, 356], [355, 363]]}, "TaskCompletionDetector.mark_completed": {"executed_lines": [], "summary": {"covered_lines": 0, "num_statements": 5, "percent_covered": 0.0, "percent_covered_display": "0", "missing_lines": 5, "excluded_lines": 0, "percent_statements_covered": 0.0, "percent_statements_covered_display": "0", "num_branches": 2, "num_partial_branches": 0, "covered_branches": 0, "missing_branches": 2, "percent_branches_covered": 0.0, "percent_branches_covered_display": "0"}, "missing_lines": [378, 379, 380, 386, 387], "excluded_lines": [], "start_line": 371, "executed_branches": [], "missing_branches": [[378, -371], [378, 379]]}, "TaskCompletionDetector.mark_interrupted": {"executed_lines": [], "summary": {"covered_lines": 0, "num_statements": 5, "percent_covered": 0.0, "percent_covered_display": "0", "missing_lines": 5, "excluded_lines": 0, "percent_statements_covered": 0.0, "percent_statements_covered_display": "0", "num_branches": 2, "num_partial_branches": 0, "covered_branches": 0, "missing_branches": 2, "percent_branches_covered": 0.0, "percent_branches_covered_display": "0"}, "missing_lines": [396, 397, 398, 404, 405], "excluded_lines": [], "start_line": 389, "executed_branches": [], "missing_branches": [[396, -389], [396, 397]]}, "TaskCompletionDetector.get_task": {"executed_lines": [], "summary": {"covered_lines": 0, "num_statements": 1, "percent_covered": 0.0, "percent_covered_display": "0", "missing_lines": 1, "excluded_lines": 0, "percent_statements_covered": 0.0, "percent_statements_covered_display": "0", "num_branches": 0, "num_partial_branches": 0, "covered_branches": 0, "missing_branches": 0, "percent_branches_covered": 100.0, "percent_branches_covered_display": "100"}, "missing_lines": [416], "excluded_lines": [], "start_line": 407, "executed_branches": [], "missing_branches": []}, "TaskCompletionDetector.get_pending_tasks": {"executed_lines": [], "summary": {"covered_lines": 0, "num_statements": 1, "percent_covered": 0.0, "percent_covered_display": "0", "missing_lines": 1, "excluded_lines": 0, "percent_statements_covered": 0.0, "percent_statements_covered_display": "0", "num_branches": 0, "num_partial_branches": 0, "covered_branches": 0, "missing_branches": 0, "percent_branches_covered": 100.0, "percent_branches_covered_display": "100"}, "missing_lines": [424], "excluded_lines": [], "start_line": 418, "executed_branches": [], "missing_branches": []}, "TaskCompletionDetector.clear_completed_tasks": {"executed_lines": [], "summary": {"covered_lines": 0, "num_statements": 4, "percent_covered": 0.0, "percent_covered_display": "0", "missing_lines": 4, "excluded_lines": 0, "percent_statements_covered": 0.0, "percent_statements_covered_display": "0", "num_branches": 2, "num_partial_branches": 0, "covered_branches": 0, "missing_branches": 2, "percent_branches_covered": 0.0, "percent_branches_covered_display": "0"}, "missing_lines": [436, 441, 442, 443], "excluded_lines": [], "start_line": 430, "executed_branches": [], "missing_branches": [[441, 442], [441, 443]]}, "TaskCompletionDetector._generate_task_id": {"executed_lines": [], "summary": {"covered_lines": 0, "num_statements": 4, "percent_covered": 0.0, "percent_covered_display": "0", "missing_lines": 4, "excluded_lines": 0, "percent_statements_covered": 0.0, "percent_statements_covered_display": "0", "num_branches": 0, "num_partial_branches": 0, "covered_branches": 0, "missing_branches": 0, "percent_branches_covered": 100.0, "percent_branches_covered_display": "100"}, "missing_lines": [447, 449, 450, 451], "excluded_lines": [], "start_line": 445, "executed_branches": [], "missing_branches": []}, "TaskCompletionDetector._persist_task": {"executed_lines": [], "summary": {"covered_lines": 0, "num_statements": 3, "percent_covered": 0.0, "percent_covered_display": "0", "missing_lines": 3, "excluded_lines": 0, "percent_statements_covered": 0.0, "percent_statements_covered_display": "0", "num_branches": 0, "num_partial_branches": 0, "covered_branches": 0, "missing_branches": 0, "percent_branches_covered": 100.0, "percent_branches_covered_display": "100"}, "missing_lines": [455, 456, 457], "excluded_lines": [], "start_line": 453, "executed_branches": [], "missing_branches": []}, "TaskCompletionDetector._load_task": {"executed_lines": [], "summary": {"covered_lines": 0, "num_statements": 5, "percent_covered": 0.0, "percent_covered_display": "0", "missing_lines": 5, "excluded_lines": 0, "percent_statements_covered": 0.0, "percent_statements_covered_display": "0", "num_branches": 2, "num_partial_branches": 0, "covered_branches": 0, "missing_branches": 2, "percent_branches_covered": 0.0, "percent_branches_covered_display": "0"}, "missing_lines": [461, 462, 463, 464, 465], "excluded_lines": [], "start_line": 459, "executed_branches": [], "missing_branches": [[462, 463], [462, 465]]}, "TaskCompletionDetector.load_all_tasks": {"executed_lines": [], "summary": {"covered_lines": 0, "num_statements": 7, "percent_covered": 0.0, "percent_covered_display": "0", "missing_lines": 7, "excluded_lines": 0, "percent_statements_covered": 0.0, "percent_statements_covered_display": "0", "num_branches": 2, "num_partial_branches": 0, "covered_branches": 0, "missing_branches": 2, "percent_branches_covered": 0.0, "percent_branches_covered_display": "0"}, "missing_lines": [469, 470, 471, 472, 473, 474, 475], "excluded_lines": [], "start_line": 467, "executed_branches": [], "missing_branches": [[469, -467], [469, 470]]}, "": {"executed_lines": [24, 25, 26, 27, 28, 29, 31, 34, 37, 38, 39, 40, 41, 44, 45, 57, 58, 59, 60, 61, 62, 64, 75, 76, 88, 89, 103, 104, 105, 106, 107, 108, 109, 110, 112, 125, 126, 140, 160, 182, 204, 208, 242, 272, 318, 371, 389, 407, 418, 430, 445, 453, 459, 467], "summary": {"covered_lines": 54, "num_statements": 54, "percent_covered": 100.0, "percent_covered_display": "100", "missing_lines": 0, "excluded_lines": 0, "percent_statements_covered": 100.0, "percent_statements_covered_display": "100", "num_branches": 0, "num_partial_branches": 0, "covered_branches": 0, "missing_branches": 0, "percent_branches_covered": 100.0, "percent_branches_covered_display": "100"}, "missing_lines": [], "excluded_lines": [], "start_line": 1, "executed_branches": [], "missing_branches": []}}, "classes": {"CompletionMarker": {"executed_lines": [], "summary": {"covered_lines": 0, "num_statements": 0, "percent_covered": 100.0, "percent_covered_display": "100", "missing_lines": 0, "excluded_lines": 0, "percent_statements_covered": 100.0, "percent_statements_covered_display": "100", "num_branches": 0, "num_partial_branches": 0, "covered_branches": 0, "missing_branches": 0, "percent_branches_covered": 100.0, "percent_branches_covered_display": "100"}, "missing_lines": [], "excluded_lines": [], "start_line": 34, "executed_branches": [], "missing_branches": []}, "CompletionStatus": {"executed_lines": [], "summary": {"covered_lines": 0, "num_statements": 2, "percent_covered": 0.0, "percent_covered_display": "0", "missing_lines": 2, "excluded_lines": 0, "percent_statements_covered": 0.0, "percent_statements_covered_display": "0", "num_branches": 0, "num_partial_branches": 0, "covered_branches": 0, "missing_branches": 0, "percent_branches_covered": 100.0, "percent_branches_covered_display": "100"}, "missing_lines": [66, 78], "excluded_lines": [], "start_line": 45, "executed_branches": [], "missing_branches": []}, "TaskRecord": {"executed_lines": [], "summary": {"covered_lines": 0, "num_statements": 2, "percent_covered": 0.0, "percent_covered_display": "0", "missing_lines": 2, "excluded_lines": 0, "percent_statements_covered": 0.0, "percent_statements_covered_display": "0", "num_branches": 0, "num_partial_branches": 0, "covered_branches": 0, "missing_branches": 0, "percent_branches_covered": 100.0, "percent_branches_covered_display": "100"}, "missing_lines": [114, 128], "excluded_lines": [], "start_line": 89, "executed_branches": [], "missing_branches": []}, "TaskCompletionDetector": {"executed_lines": [], "summary": {"covered_lines": 0, "num_statements": 88, "percent_covered": 0.0, "percent_covered_display": "0", "missing_lines": 88, "excluded_lines": 0, "percent_statements_covered": 0.0, "percent_statements_covered_display": "0", "num_branches": 22, "num_partial_branches": 0, "covered_branches": 0, "missing_branches": 22, "percent_branches_covered": 0.0, "percent_branches_covered_display": "0"}, "missing_lines": [195, 196, 197, 200, 202, 206, 224, 226, 227, 229, 231, 237, 238, 240, 244, 246, 247, 253, 255, 257, 263, 265, 274, 276, 277, 278, 285, 286, 287, 288, 289, 290, 292, 293, 294, 295, 296, 297, 299, 300, 302, 310, 311, 320, 332, 341, 343, 344, 346, 347, 355, 356, 363, 378, 379, 380, 386, 387, 396, 397, 398, 404, 405, 416, 424, 436, 441, 442, 443, 447, 449, 450, 451, 455, 456, 457, 461, 462, 463, 464, 465, 469, 470, 471, 472, 473, 474, 475], "excluded_lines": [], "start_line": 140, "executed_branches": [], "missing_branches": [[226, 227], [226, 229], [277, 278], [277, 285], [292, 293], [292, 295], [295, 296], [295, 299], [346, 347], [346, 355], [355, 356], [355, 363], [378, -371], [378, 379], [396, -389], [396, 397], [441, 442], [441, 443], [462, 463], [462, 465], [469, -467], [469, 470]]}, "": {"executed_lines": [24, 25, 26, 27, 28, 29, 31, 34, 37, 38, 39, 40, 41, 44, 45, 57, 58, 59, 60, 61, 62, 64, 75, 76, 88, 89, 103, 104, 105, 106, 107, 108, 109, 110, 112, 125, 126, 140, 160, 182, 204, 208, 242, 272, 318, 371, 389, 407, 418, 430, 445, 453, 459, 467], "summary": {"covered_lines": 54, "num_statements": 54, "percent_covered": 100.0, "percent_covered_display": "100", "missing_lines": 0, "excluded_lines": 0, "percent_statements_covered": 100.0, "percent_statements_covered_display": "100", "num_branches": 0, "num_partial_branches": 0, "covered_branches": 0, "missing_branches": 0, "percent_branches_covered": 100.0, "percent_branches_covered_display": "100"}, "missing_lines": [], "excluded_lines": [], "start_line": 1, "executed_branches": [], "missing_branches": []}}}}, "totals": {"covered_lines": 1279, "num_statements": 1602, "percent_covered": 79.0273556231003, "percent_covered_display": "79", "missing_lines": 323, "excluded_lines": 27, "percent_statements_covered": 79.83770287141074, "percent_statements_covered_display": "80", "num_branches": 372, "num_partial_branches": 5, "covered_branches": 281, "missing_branches": 91, "percent_branches_covered": 75.53763440860214, "percent_branches_covered_display": "76"}}